<?xml version="1.0" encoding="UTF-8"?>
<testsuite xmlns:xsi="http://www.w3.org/2001/XMLSchema-instance" xsi:noNamespaceSchemaLocation="https://maven.apache.org/surefire/maven-surefire-plugin/xsd/surefire-test-report.xsd" name="TestSuite" time="110.987" tests="172" errors="0" skipped="0" failures="8">
  <properties>
[...]
</properties>
  <testcase name="testACharacterAbilityCreateRead" classname="com.qa.mesadnd.selenium.SeleniumCrudTests" time="6.256">
    <failure message="expected [Character Maker] but found [localhost]" type="java.lang.AssertionError">java.lang.AssertionError: expected [Character Maker] but found [localhost]
	at com.qa.mesadnd.selenium.SeleniumCrudTests.testACharacterAbilityCreateRead(SeleniumCrudTests.java:54)
</failure>
    <system-err><![CDATA[May 19, 2020 10:19:37 PM org.openqa.selenium.remote.DesiredCapabilities chrome
INFO: Using `new ChromeOptions()` is preferred to `DesiredCapabilities.chrome()`
Starting ChromeDriver 81.0.4044.69 (6813546031a4bc83f717a2ef7cd4ac6ec1199132-refs/branch-heads/4044@{#776}) on port 8863
Only local connections are allowed.
Please protect ports used by ChromeDriver and related test frameworks to prevent access by malicious code.
May 19, 2020 10:19:38 PM org.openqa.selenium.json.JsonOutput lambda$new$14
WARNING: Attempt to convert JsonElement from GSON. This functionality is deprecated. Diagnostic stacktrace follows
org.openqa.selenium.json.JsonException: Stack trace to determine cause of warning
Build info: version: '3.141.59', revision: 'e82be7d358', time: '2018-11-14T08:17:03'
System info: host: 'DESKTOP-2EF6UIN', ip: '169.254.57.70', os.name: 'Windows 10', os.arch: 'amd64', os.version: '10.0', java.version: '11.0.7'
Driver info: driver.version: ChromeDriver
	at org.openqa.selenium.json.JsonOutput.lambda$new$14(JsonOutput.java:145)
	at org.openqa.selenium.json.JsonOutput.write(JsonOutput.java:264)
	at org.openqa.selenium.json.JsonOutput.convertUsingMethod(JsonOutput.java:330)
	at org.openqa.selenium.json.JsonOutput.lambda$new$16(JsonOutput.java:155)
	at org.openqa.selenium.json.JsonOutput.write(JsonOutput.java:264)
	at org.openqa.selenium.json.JsonOutput.lambda$null$23(JsonOutput.java:177)
	at java.base/java.util.TreeMap.forEach(TreeMap.java:1002)
	at java.base/java.util.Collections$UnmodifiableMap.forEach(Collections.java:1505)
	at org.openqa.selenium.json.JsonOutput.lambda$new$24(JsonOutput.java:176)
	at org.openqa.selenium.json.JsonOutput.write(JsonOutput.java:264)
	at org.openqa.selenium.json.JsonOutput.lambda$null$23(JsonOutput.java:177)
	at com.google.common.collect.SingletonImmutableBiMap.forEach(SingletonImmutableBiMap.java:65)
	at org.openqa.selenium.json.JsonOutput.lambda$new$24(JsonOutput.java:176)
	at org.openqa.selenium.json.JsonOutput.write(JsonOutput.java:264)
	at org.openqa.selenium.json.JsonOutput.write(JsonOutput.java:255)
	at org.openqa.selenium.json.Json.toJson(Json.java:42)
	at org.openqa.selenium.remote.NewSessionPayload.create(NewSessionPayload.java:100)
	at org.openqa.selenium.remote.NewSessionPayload.create(NewSessionPayload.java:94)
	at org.openqa.selenium.remote.ProtocolHandshake.createSession(ProtocolHandshake.java:68)
	at org.openqa.selenium.remote.HttpCommandExecutor.execute(HttpCommandExecutor.java:136)
	at org.openqa.selenium.remote.service.DriverCommandExecutor.execute(DriverCommandExecutor.java:83)
	at org.openqa.selenium.remote.RemoteWebDriver.execute(RemoteWebDriver.java:552)
	at org.openqa.selenium.remote.RemoteWebDriver.startSession(RemoteWebDriver.java:213)
	at org.openqa.selenium.remote.RemoteWebDriver.<init>(RemoteWebDriver.java:131)
	at org.openqa.selenium.chrome.ChromeDriver.<init>(ChromeDriver.java:170)
	at org.openqa.selenium.chrome.ChromeDriver.<init>(ChromeDriver.java:159)
	at org.openqa.selenium.chrome.ChromeDriver.<init>(ChromeDriver.java:116)
	at com.qa.mesadnd.selenium.SeleniumCrudTests.setUp(SeleniumCrudTests.java:44)
	at java.base/jdk.internal.reflect.NativeMethodAccessorImpl.invoke0(Native Method)
	at java.base/jdk.internal.reflect.NativeMethodAccessorImpl.invoke(NativeMethodAccessorImpl.java:62)
	at java.base/jdk.internal.reflect.DelegatingMethodAccessorImpl.invoke(DelegatingMethodAccessorImpl.java:43)
	at java.base/java.lang.reflect.Method.invoke(Method.java:566)
	at org.testng.internal.MethodInvocationHelper.invokeMethod(MethodInvocationHelper.java:108)
	at org.testng.internal.Invoker.invokeConfigurationMethod(Invoker.java:523)
	at org.testng.internal.Invoker.invokeConfigurations(Invoker.java:224)
	at org.testng.internal.Invoker.invokeMethod(Invoker.java:599)
	at org.testng.internal.Invoker.invokeTestMethod(Invoker.java:869)
	at org.testng.internal.Invoker.invokeTestMethods(Invoker.java:1193)
	at org.testng.internal.TestMethodWorker.invokeTestMethods(TestMethodWorker.java:126)
	at org.testng.internal.TestMethodWorker.run(TestMethodWorker.java:109)
	at org.testng.TestRunner.privateRun(TestRunner.java:744)
	at org.testng.TestRunner.run(TestRunner.java:602)
	at org.testng.SuiteRunner.runTest(SuiteRunner.java:380)
	at org.testng.SuiteRunner.runSequentially(SuiteRunner.java:375)
	at org.testng.SuiteRunner.privateRun(SuiteRunner.java:340)
	at org.testng.SuiteRunner.run(SuiteRunner.java:289)
	at org.testng.SuiteRunnerWorker.runSuite(SuiteRunnerWorker.java:52)
	at org.testng.SuiteRunnerWorker.run(SuiteRunnerWorker.java:86)
	at org.testng.TestNG.runSuitesSequentially(TestNG.java:1301)
	at org.testng.TestNG.runSuitesLocally(TestNG.java:1226)
	at org.testng.TestNG.runSuites(TestNG.java:1144)
	at org.testng.TestNG.run(TestNG.java:1115)
	at org.apache.maven.surefire.testng.TestNGExecutor.run(TestNGExecutor.java:135)
	at org.apache.maven.surefire.testng.TestNGDirectoryTestSuite.executeMulti(TestNGDirectoryTestSuite.java:193)
	at org.apache.maven.surefire.testng.TestNGDirectoryTestSuite.execute(TestNGDirectoryTestSuite.java:94)
	at org.apache.maven.surefire.testng.TestNGProvider.invoke(TestNGProvider.java:146)
	at org.apache.maven.surefire.booter.ForkedBooter.invokeProviderInSameClassLoader(ForkedBooter.java:384)
	at org.apache.maven.surefire.booter.ForkedBooter.runSuitesInProcess(ForkedBooter.java:345)
	at org.apache.maven.surefire.booter.ForkedBooter.execute(ForkedBooter.java:126)
	at org.apache.maven.surefire.booter.ForkedBooter.main(ForkedBooter.java:418)

May 19, 2020 10:19:41 PM org.openqa.selenium.remote.ProtocolHandshake createSession
INFO: Detected dialect: W3C
]]></system-err>
  </testcase>
  <testcase name="testBCharacterAbilityUpdate" classname="com.qa.mesadnd.selenium.SeleniumCrudTests" time="6.238">
    <failure message="expected [Character Sheet] but found [localhost]" type="java.lang.AssertionError">java.lang.AssertionError: expected [Character Sheet] but found [localhost]
	at com.qa.mesadnd.selenium.SeleniumCrudTests.testBCharacterAbilityUpdate(SeleniumCrudTests.java:140)
</failure>
    <system-err><![CDATA[May 19, 2020 10:19:47 PM org.openqa.selenium.remote.DesiredCapabilities chrome
INFO: Using `new ChromeOptions()` is preferred to `DesiredCapabilities.chrome()`
Starting ChromeDriver 81.0.4044.69 (6813546031a4bc83f717a2ef7cd4ac6ec1199132-refs/branch-heads/4044@{#776}) on port 9011
Only local connections are allowed.
Please protect ports used by ChromeDriver and related test frameworks to prevent access by malicious code.
May 19, 2020 10:19:48 PM org.openqa.selenium.json.JsonOutput lambda$new$14
WARNING: Attempt to convert JsonElement from GSON. This functionality is deprecated. Diagnostic stacktrace follows
org.openqa.selenium.json.JsonException: Stack trace to determine cause of warning
Build info: version: '3.141.59', revision: 'e82be7d358', time: '2018-11-14T08:17:03'
System info: host: 'DESKTOP-2EF6UIN', ip: '169.254.57.70', os.name: 'Windows 10', os.arch: 'amd64', os.version: '10.0', java.version: '11.0.7'
Driver info: driver.version: ChromeDriver
	at org.openqa.selenium.json.JsonOutput.lambda$new$14(JsonOutput.java:145)
	at org.openqa.selenium.json.JsonOutput.write(JsonOutput.java:264)
	at org.openqa.selenium.json.JsonOutput.convertUsingMethod(JsonOutput.java:330)
	at org.openqa.selenium.json.JsonOutput.lambda$new$16(JsonOutput.java:155)
	at org.openqa.selenium.json.JsonOutput.write(JsonOutput.java:264)
	at org.openqa.selenium.json.JsonOutput.lambda$null$23(JsonOutput.java:177)
	at java.base/java.util.TreeMap.forEach(TreeMap.java:1002)
	at java.base/java.util.Collections$UnmodifiableMap.forEach(Collections.java:1505)
	at org.openqa.selenium.json.JsonOutput.lambda$new$24(JsonOutput.java:176)
	at org.openqa.selenium.json.JsonOutput.write(JsonOutput.java:264)
	at org.openqa.selenium.json.JsonOutput.lambda$null$23(JsonOutput.java:177)
	at com.google.common.collect.SingletonImmutableBiMap.forEach(SingletonImmutableBiMap.java:65)
	at org.openqa.selenium.json.JsonOutput.lambda$new$24(JsonOutput.java:176)
	at org.openqa.selenium.json.JsonOutput.write(JsonOutput.java:264)
	at org.openqa.selenium.json.JsonOutput.write(JsonOutput.java:255)
	at org.openqa.selenium.json.Json.toJson(Json.java:42)
	at org.openqa.selenium.remote.NewSessionPayload.create(NewSessionPayload.java:100)
	at org.openqa.selenium.remote.NewSessionPayload.create(NewSessionPayload.java:94)
	at org.openqa.selenium.remote.ProtocolHandshake.createSession(ProtocolHandshake.java:68)
	at org.openqa.selenium.remote.HttpCommandExecutor.execute(HttpCommandExecutor.java:136)
	at org.openqa.selenium.remote.service.DriverCommandExecutor.execute(DriverCommandExecutor.java:83)
	at org.openqa.selenium.remote.RemoteWebDriver.execute(RemoteWebDriver.java:552)
	at org.openqa.selenium.remote.RemoteWebDriver.startSession(RemoteWebDriver.java:213)
	at org.openqa.selenium.remote.RemoteWebDriver.<init>(RemoteWebDriver.java:131)
	at org.openqa.selenium.chrome.ChromeDriver.<init>(ChromeDriver.java:170)
	at org.openqa.selenium.chrome.ChromeDriver.<init>(ChromeDriver.java:159)
	at org.openqa.selenium.chrome.ChromeDriver.<init>(ChromeDriver.java:116)
	at com.qa.mesadnd.selenium.SeleniumCrudTests.setUp(SeleniumCrudTests.java:44)
	at java.base/jdk.internal.reflect.NativeMethodAccessorImpl.invoke0(Native Method)
	at java.base/jdk.internal.reflect.NativeMethodAccessorImpl.invoke(NativeMethodAccessorImpl.java:62)
	at java.base/jdk.internal.reflect.DelegatingMethodAccessorImpl.invoke(DelegatingMethodAccessorImpl.java:43)
	at java.base/java.lang.reflect.Method.invoke(Method.java:566)
	at org.testng.internal.MethodInvocationHelper.invokeMethod(MethodInvocationHelper.java:108)
	at org.testng.internal.Invoker.invokeConfigurationMethod(Invoker.java:523)
	at org.testng.internal.Invoker.invokeConfigurations(Invoker.java:224)
	at org.testng.internal.Invoker.invokeMethod(Invoker.java:599)
	at org.testng.internal.Invoker.invokeTestMethod(Invoker.java:869)
	at org.testng.internal.Invoker.invokeTestMethods(Invoker.java:1193)
	at org.testng.internal.TestMethodWorker.invokeTestMethods(TestMethodWorker.java:126)
	at org.testng.internal.TestMethodWorker.run(TestMethodWorker.java:109)
	at org.testng.TestRunner.privateRun(TestRunner.java:744)
	at org.testng.TestRunner.run(TestRunner.java:602)
	at org.testng.SuiteRunner.runTest(SuiteRunner.java:380)
	at org.testng.SuiteRunner.runSequentially(SuiteRunner.java:375)
	at org.testng.SuiteRunner.privateRun(SuiteRunner.java:340)
	at org.testng.SuiteRunner.run(SuiteRunner.java:289)
	at org.testng.SuiteRunnerWorker.runSuite(SuiteRunnerWorker.java:52)
	at org.testng.SuiteRunnerWorker.run(SuiteRunnerWorker.java:86)
	at org.testng.TestNG.runSuitesSequentially(TestNG.java:1301)
	at org.testng.TestNG.runSuitesLocally(TestNG.java:1226)
	at org.testng.TestNG.runSuites(TestNG.java:1144)
	at org.testng.TestNG.run(TestNG.java:1115)
	at org.apache.maven.surefire.testng.TestNGExecutor.run(TestNGExecutor.java:135)
	at org.apache.maven.surefire.testng.TestNGDirectoryTestSuite.executeMulti(TestNGDirectoryTestSuite.java:193)
	at org.apache.maven.surefire.testng.TestNGDirectoryTestSuite.execute(TestNGDirectoryTestSuite.java:94)
	at org.apache.maven.surefire.testng.TestNGProvider.invoke(TestNGProvider.java:146)
	at org.apache.maven.surefire.booter.ForkedBooter.invokeProviderInSameClassLoader(ForkedBooter.java:384)
	at org.apache.maven.surefire.booter.ForkedBooter.runSuitesInProcess(ForkedBooter.java:345)
	at org.apache.maven.surefire.booter.ForkedBooter.execute(ForkedBooter.java:126)
	at org.apache.maven.surefire.booter.ForkedBooter.main(ForkedBooter.java:418)

May 19, 2020 10:19:50 PM org.openqa.selenium.remote.ProtocolHandshake createSession
INFO: Detected dialect: W3C
]]></system-err>
  </testcase>
  <testcase name="testCCharacterAbilityDelete" classname="com.qa.mesadnd.selenium.SeleniumCrudTests" time="6.23">
    <failure message="expected [Character Sheet] but found [localhost]" type="java.lang.AssertionError">java.lang.AssertionError: expected [Character Sheet] but found [localhost]
	at com.qa.mesadnd.selenium.SeleniumCrudTests.testCCharacterAbilityDelete(SeleniumCrudTests.java:208)
</failure>
    <system-err><![CDATA[May 19, 2020 10:19:57 PM org.openqa.selenium.remote.DesiredCapabilities chrome
INFO: Using `new ChromeOptions()` is preferred to `DesiredCapabilities.chrome()`
Starting ChromeDriver 81.0.4044.69 (6813546031a4bc83f717a2ef7cd4ac6ec1199132-refs/branch-heads/4044@{#776}) on port 28373
Only local connections are allowed.
Please protect ports used by ChromeDriver and related test frameworks to prevent access by malicious code.
May 19, 2020 10:19:57 PM org.openqa.selenium.json.JsonOutput lambda$new$14
WARNING: Attempt to convert JsonElement from GSON. This functionality is deprecated. Diagnostic stacktrace follows
org.openqa.selenium.json.JsonException: Stack trace to determine cause of warning
Build info: version: '3.141.59', revision: 'e82be7d358', time: '2018-11-14T08:17:03'
System info: host: 'DESKTOP-2EF6UIN', ip: '169.254.57.70', os.name: 'Windows 10', os.arch: 'amd64', os.version: '10.0', java.version: '11.0.7'
Driver info: driver.version: ChromeDriver
	at org.openqa.selenium.json.JsonOutput.lambda$new$14(JsonOutput.java:145)
	at org.openqa.selenium.json.JsonOutput.write(JsonOutput.java:264)
	at org.openqa.selenium.json.JsonOutput.convertUsingMethod(JsonOutput.java:330)
	at org.openqa.selenium.json.JsonOutput.lambda$new$16(JsonOutput.java:155)
	at org.openqa.selenium.json.JsonOutput.write(JsonOutput.java:264)
	at org.openqa.selenium.json.JsonOutput.lambda$null$23(JsonOutput.java:177)
	at java.base/java.util.TreeMap.forEach(TreeMap.java:1002)
	at java.base/java.util.Collections$UnmodifiableMap.forEach(Collections.java:1505)
	at org.openqa.selenium.json.JsonOutput.lambda$new$24(JsonOutput.java:176)
	at org.openqa.selenium.json.JsonOutput.write(JsonOutput.java:264)
	at org.openqa.selenium.json.JsonOutput.lambda$null$23(JsonOutput.java:177)
	at com.google.common.collect.SingletonImmutableBiMap.forEach(SingletonImmutableBiMap.java:65)
	at org.openqa.selenium.json.JsonOutput.lambda$new$24(JsonOutput.java:176)
	at org.openqa.selenium.json.JsonOutput.write(JsonOutput.java:264)
	at org.openqa.selenium.json.JsonOutput.write(JsonOutput.java:255)
	at org.openqa.selenium.json.Json.toJson(Json.java:42)
	at org.openqa.selenium.remote.NewSessionPayload.create(NewSessionPayload.java:100)
	at org.openqa.selenium.remote.NewSessionPayload.create(NewSessionPayload.java:94)
	at org.openqa.selenium.remote.ProtocolHandshake.createSession(ProtocolHandshake.java:68)
	at org.openqa.selenium.remote.HttpCommandExecutor.execute(HttpCommandExecutor.java:136)
	at org.openqa.selenium.remote.service.DriverCommandExecutor.execute(DriverCommandExecutor.java:83)
	at org.openqa.selenium.remote.RemoteWebDriver.execute(RemoteWebDriver.java:552)
	at org.openqa.selenium.remote.RemoteWebDriver.startSession(RemoteWebDriver.java:213)
	at org.openqa.selenium.remote.RemoteWebDriver.<init>(RemoteWebDriver.java:131)
	at org.openqa.selenium.chrome.ChromeDriver.<init>(ChromeDriver.java:170)
	at org.openqa.selenium.chrome.ChromeDriver.<init>(ChromeDriver.java:159)
	at org.openqa.selenium.chrome.ChromeDriver.<init>(ChromeDriver.java:116)
	at com.qa.mesadnd.selenium.SeleniumCrudTests.setUp(SeleniumCrudTests.java:44)
	at java.base/jdk.internal.reflect.NativeMethodAccessorImpl.invoke0(Native Method)
	at java.base/jdk.internal.reflect.NativeMethodAccessorImpl.invoke(NativeMethodAccessorImpl.java:62)
	at java.base/jdk.internal.reflect.DelegatingMethodAccessorImpl.invoke(DelegatingMethodAccessorImpl.java:43)
	at java.base/java.lang.reflect.Method.invoke(Method.java:566)
	at org.testng.internal.MethodInvocationHelper.invokeMethod(MethodInvocationHelper.java:108)
	at org.testng.internal.Invoker.invokeConfigurationMethod(Invoker.java:523)
	at org.testng.internal.Invoker.invokeConfigurations(Invoker.java:224)
	at org.testng.internal.Invoker.invokeMethod(Invoker.java:599)
	at org.testng.internal.Invoker.invokeTestMethod(Invoker.java:869)
	at org.testng.internal.Invoker.invokeTestMethods(Invoker.java:1193)
	at org.testng.internal.TestMethodWorker.invokeTestMethods(TestMethodWorker.java:126)
	at org.testng.internal.TestMethodWorker.run(TestMethodWorker.java:109)
	at org.testng.TestRunner.privateRun(TestRunner.java:744)
	at org.testng.TestRunner.run(TestRunner.java:602)
	at org.testng.SuiteRunner.runTest(SuiteRunner.java:380)
	at org.testng.SuiteRunner.runSequentially(SuiteRunner.java:375)
	at org.testng.SuiteRunner.privateRun(SuiteRunner.java:340)
	at org.testng.SuiteRunner.run(SuiteRunner.java:289)
	at org.testng.SuiteRunnerWorker.runSuite(SuiteRunnerWorker.java:52)
	at org.testng.SuiteRunnerWorker.run(SuiteRunnerWorker.java:86)
	at org.testng.TestNG.runSuitesSequentially(TestNG.java:1301)
	at org.testng.TestNG.runSuitesLocally(TestNG.java:1226)
	at org.testng.TestNG.runSuites(TestNG.java:1144)
	at org.testng.TestNG.run(TestNG.java:1115)
	at org.apache.maven.surefire.testng.TestNGExecutor.run(TestNGExecutor.java:135)
	at org.apache.maven.surefire.testng.TestNGDirectoryTestSuite.executeMulti(TestNGDirectoryTestSuite.java:193)
	at org.apache.maven.surefire.testng.TestNGDirectoryTestSuite.execute(TestNGDirectoryTestSuite.java:94)
	at org.apache.maven.surefire.testng.TestNGProvider.invoke(TestNGProvider.java:146)
	at org.apache.maven.surefire.booter.ForkedBooter.invokeProviderInSameClassLoader(ForkedBooter.java:384)
	at org.apache.maven.surefire.booter.ForkedBooter.runSuitesInProcess(ForkedBooter.java:345)
	at org.apache.maven.surefire.booter.ForkedBooter.execute(ForkedBooter.java:126)
	at org.apache.maven.surefire.booter.ForkedBooter.main(ForkedBooter.java:418)

May 19, 2020 10:20:00 PM org.openqa.selenium.remote.ProtocolHandshake createSession
INFO: Detected dialect: W3C
]]></system-err>
  </testcase>
  <testcase name="testCharacterMakerTitle" classname="com.qa.mesadnd.selenium.SeleniumNavigationTests" time="6.228">
    <failure message="expected [Character Maker] but found [localhost]" type="java.lang.AssertionError">java.lang.AssertionError: expected [Character Maker] but found [localhost]
	at com.qa.mesadnd.selenium.SeleniumNavigationTests.testCharacterMakerTitle(SeleniumNavigationTests.java:74)
</failure>
    <system-err><![CDATA[May 19, 2020 10:20:06 PM org.openqa.selenium.remote.DesiredCapabilities chrome
INFO: Using `new ChromeOptions()` is preferred to `DesiredCapabilities.chrome()`
Starting ChromeDriver 81.0.4044.69 (6813546031a4bc83f717a2ef7cd4ac6ec1199132-refs/branch-heads/4044@{#776}) on port 26116
Only local connections are allowed.
Please protect ports used by ChromeDriver and related test frameworks to prevent access by malicious code.
May 19, 2020 10:20:06 PM org.openqa.selenium.json.JsonOutput lambda$new$14
WARNING: Attempt to convert JsonElement from GSON. This functionality is deprecated. Diagnostic stacktrace follows
org.openqa.selenium.json.JsonException: Stack trace to determine cause of warning
Build info: version: '3.141.59', revision: 'e82be7d358', time: '2018-11-14T08:17:03'
System info: host: 'DESKTOP-2EF6UIN', ip: '169.254.57.70', os.name: 'Windows 10', os.arch: 'amd64', os.version: '10.0', java.version: '11.0.7'
Driver info: driver.version: ChromeDriver
	at org.openqa.selenium.json.JsonOutput.lambda$new$14(JsonOutput.java:145)
	at org.openqa.selenium.json.JsonOutput.write(JsonOutput.java:264)
	at org.openqa.selenium.json.JsonOutput.convertUsingMethod(JsonOutput.java:330)
	at org.openqa.selenium.json.JsonOutput.lambda$new$16(JsonOutput.java:155)
	at org.openqa.selenium.json.JsonOutput.write(JsonOutput.java:264)
	at org.openqa.selenium.json.JsonOutput.lambda$null$23(JsonOutput.java:177)
	at java.base/java.util.TreeMap.forEach(TreeMap.java:1002)
	at java.base/java.util.Collections$UnmodifiableMap.forEach(Collections.java:1505)
	at org.openqa.selenium.json.JsonOutput.lambda$new$24(JsonOutput.java:176)
	at org.openqa.selenium.json.JsonOutput.write(JsonOutput.java:264)
	at org.openqa.selenium.json.JsonOutput.lambda$null$23(JsonOutput.java:177)
	at com.google.common.collect.SingletonImmutableBiMap.forEach(SingletonImmutableBiMap.java:65)
	at org.openqa.selenium.json.JsonOutput.lambda$new$24(JsonOutput.java:176)
	at org.openqa.selenium.json.JsonOutput.write(JsonOutput.java:264)
	at org.openqa.selenium.json.JsonOutput.write(JsonOutput.java:255)
	at org.openqa.selenium.json.Json.toJson(Json.java:42)
	at org.openqa.selenium.remote.NewSessionPayload.create(NewSessionPayload.java:100)
	at org.openqa.selenium.remote.NewSessionPayload.create(NewSessionPayload.java:94)
	at org.openqa.selenium.remote.ProtocolHandshake.createSession(ProtocolHandshake.java:68)
	at org.openqa.selenium.remote.HttpCommandExecutor.execute(HttpCommandExecutor.java:136)
	at org.openqa.selenium.remote.service.DriverCommandExecutor.execute(DriverCommandExecutor.java:83)
	at org.openqa.selenium.remote.RemoteWebDriver.execute(RemoteWebDriver.java:552)
	at org.openqa.selenium.remote.RemoteWebDriver.startSession(RemoteWebDriver.java:213)
	at org.openqa.selenium.remote.RemoteWebDriver.<init>(RemoteWebDriver.java:131)
	at org.openqa.selenium.chrome.ChromeDriver.<init>(ChromeDriver.java:170)
	at org.openqa.selenium.chrome.ChromeDriver.<init>(ChromeDriver.java:159)
	at org.openqa.selenium.chrome.ChromeDriver.<init>(ChromeDriver.java:116)
	at com.qa.mesadnd.selenium.SeleniumNavigationTests.setUp(SeleniumNavigationTests.java:40)
	at java.base/jdk.internal.reflect.NativeMethodAccessorImpl.invoke0(Native Method)
	at java.base/jdk.internal.reflect.NativeMethodAccessorImpl.invoke(NativeMethodAccessorImpl.java:62)
	at java.base/jdk.internal.reflect.DelegatingMethodAccessorImpl.invoke(DelegatingMethodAccessorImpl.java:43)
	at java.base/java.lang.reflect.Method.invoke(Method.java:566)
	at org.testng.internal.MethodInvocationHelper.invokeMethod(MethodInvocationHelper.java:108)
	at org.testng.internal.Invoker.invokeConfigurationMethod(Invoker.java:523)
	at org.testng.internal.Invoker.invokeConfigurations(Invoker.java:224)
	at org.testng.internal.Invoker.invokeMethod(Invoker.java:599)
	at org.testng.internal.Invoker.invokeTestMethod(Invoker.java:869)
	at org.testng.internal.Invoker.invokeTestMethods(Invoker.java:1193)
	at org.testng.internal.TestMethodWorker.invokeTestMethods(TestMethodWorker.java:126)
	at org.testng.internal.TestMethodWorker.run(TestMethodWorker.java:109)
	at org.testng.TestRunner.privateRun(TestRunner.java:744)
	at org.testng.TestRunner.run(TestRunner.java:602)
	at org.testng.SuiteRunner.runTest(SuiteRunner.java:380)
	at org.testng.SuiteRunner.runSequentially(SuiteRunner.java:375)
	at org.testng.SuiteRunner.privateRun(SuiteRunner.java:340)
	at org.testng.SuiteRunner.run(SuiteRunner.java:289)
	at org.testng.SuiteRunnerWorker.runSuite(SuiteRunnerWorker.java:52)
	at org.testng.SuiteRunnerWorker.run(SuiteRunnerWorker.java:86)
	at org.testng.TestNG.runSuitesSequentially(TestNG.java:1301)
	at org.testng.TestNG.runSuitesLocally(TestNG.java:1226)
	at org.testng.TestNG.runSuites(TestNG.java:1144)
	at org.testng.TestNG.run(TestNG.java:1115)
	at org.apache.maven.surefire.testng.TestNGExecutor.run(TestNGExecutor.java:135)
	at org.apache.maven.surefire.testng.TestNGDirectoryTestSuite.executeMulti(TestNGDirectoryTestSuite.java:193)
	at org.apache.maven.surefire.testng.TestNGDirectoryTestSuite.execute(TestNGDirectoryTestSuite.java:94)
	at org.apache.maven.surefire.testng.TestNGProvider.invoke(TestNGProvider.java:146)
	at org.apache.maven.surefire.booter.ForkedBooter.invokeProviderInSameClassLoader(ForkedBooter.java:384)
	at org.apache.maven.surefire.booter.ForkedBooter.runSuitesInProcess(ForkedBooter.java:345)
	at org.apache.maven.surefire.booter.ForkedBooter.execute(ForkedBooter.java:126)
	at org.apache.maven.surefire.booter.ForkedBooter.main(ForkedBooter.java:418)

May 19, 2020 10:20:09 PM org.openqa.selenium.remote.ProtocolHandshake createSession
INFO: Detected dialect: W3C
]]></system-err>
  </testcase>
  <testcase name="testCharacterSheetTitle" classname="com.qa.mesadnd.selenium.SeleniumNavigationTests" time="6.234">
    <failure message="expected [Character Sheet] but found [localhost]" type="java.lang.AssertionError">java.lang.AssertionError: expected [Character Sheet] but found [localhost]
	at com.qa.mesadnd.selenium.SeleniumNavigationTests.testCharacterSheetTitle(SeleniumNavigationTests.java:62)
</failure>
    <system-err><![CDATA[May 19, 2020 10:20:15 PM org.openqa.selenium.remote.DesiredCapabilities chrome
INFO: Using `new ChromeOptions()` is preferred to `DesiredCapabilities.chrome()`
Starting ChromeDriver 81.0.4044.69 (6813546031a4bc83f717a2ef7cd4ac6ec1199132-refs/branch-heads/4044@{#776}) on port 18005
Only local connections are allowed.
Please protect ports used by ChromeDriver and related test frameworks to prevent access by malicious code.
May 19, 2020 10:20:16 PM org.openqa.selenium.json.JsonOutput lambda$new$14
WARNING: Attempt to convert JsonElement from GSON. This functionality is deprecated. Diagnostic stacktrace follows
org.openqa.selenium.json.JsonException: Stack trace to determine cause of warning
Build info: version: '3.141.59', revision: 'e82be7d358', time: '2018-11-14T08:17:03'
System info: host: 'DESKTOP-2EF6UIN', ip: '169.254.57.70', os.name: 'Windows 10', os.arch: 'amd64', os.version: '10.0', java.version: '11.0.7'
Driver info: driver.version: ChromeDriver
	at org.openqa.selenium.json.JsonOutput.lambda$new$14(JsonOutput.java:145)
	at org.openqa.selenium.json.JsonOutput.write(JsonOutput.java:264)
	at org.openqa.selenium.json.JsonOutput.convertUsingMethod(JsonOutput.java:330)
	at org.openqa.selenium.json.JsonOutput.lambda$new$16(JsonOutput.java:155)
	at org.openqa.selenium.json.JsonOutput.write(JsonOutput.java:264)
	at org.openqa.selenium.json.JsonOutput.lambda$null$23(JsonOutput.java:177)
	at java.base/java.util.TreeMap.forEach(TreeMap.java:1002)
	at java.base/java.util.Collections$UnmodifiableMap.forEach(Collections.java:1505)
	at org.openqa.selenium.json.JsonOutput.lambda$new$24(JsonOutput.java:176)
	at org.openqa.selenium.json.JsonOutput.write(JsonOutput.java:264)
	at org.openqa.selenium.json.JsonOutput.lambda$null$23(JsonOutput.java:177)
	at com.google.common.collect.SingletonImmutableBiMap.forEach(SingletonImmutableBiMap.java:65)
	at org.openqa.selenium.json.JsonOutput.lambda$new$24(JsonOutput.java:176)
	at org.openqa.selenium.json.JsonOutput.write(JsonOutput.java:264)
	at org.openqa.selenium.json.JsonOutput.write(JsonOutput.java:255)
	at org.openqa.selenium.json.Json.toJson(Json.java:42)
	at org.openqa.selenium.remote.NewSessionPayload.create(NewSessionPayload.java:100)
	at org.openqa.selenium.remote.NewSessionPayload.create(NewSessionPayload.java:94)
	at org.openqa.selenium.remote.ProtocolHandshake.createSession(ProtocolHandshake.java:68)
	at org.openqa.selenium.remote.HttpCommandExecutor.execute(HttpCommandExecutor.java:136)
	at org.openqa.selenium.remote.service.DriverCommandExecutor.execute(DriverCommandExecutor.java:83)
	at org.openqa.selenium.remote.RemoteWebDriver.execute(RemoteWebDriver.java:552)
	at org.openqa.selenium.remote.RemoteWebDriver.startSession(RemoteWebDriver.java:213)
	at org.openqa.selenium.remote.RemoteWebDriver.<init>(RemoteWebDriver.java:131)
	at org.openqa.selenium.chrome.ChromeDriver.<init>(ChromeDriver.java:170)
	at org.openqa.selenium.chrome.ChromeDriver.<init>(ChromeDriver.java:159)
	at org.openqa.selenium.chrome.ChromeDriver.<init>(ChromeDriver.java:116)
	at com.qa.mesadnd.selenium.SeleniumNavigationTests.setUp(SeleniumNavigationTests.java:40)
	at java.base/jdk.internal.reflect.NativeMethodAccessorImpl.invoke0(Native Method)
	at java.base/jdk.internal.reflect.NativeMethodAccessorImpl.invoke(NativeMethodAccessorImpl.java:62)
	at java.base/jdk.internal.reflect.DelegatingMethodAccessorImpl.invoke(DelegatingMethodAccessorImpl.java:43)
	at java.base/java.lang.reflect.Method.invoke(Method.java:566)
	at org.testng.internal.MethodInvocationHelper.invokeMethod(MethodInvocationHelper.java:108)
	at org.testng.internal.Invoker.invokeConfigurationMethod(Invoker.java:523)
	at org.testng.internal.Invoker.invokeConfigurations(Invoker.java:224)
	at org.testng.internal.Invoker.invokeMethod(Invoker.java:599)
	at org.testng.internal.Invoker.invokeTestMethod(Invoker.java:869)
	at org.testng.internal.Invoker.invokeTestMethods(Invoker.java:1193)
	at org.testng.internal.TestMethodWorker.invokeTestMethods(TestMethodWorker.java:126)
	at org.testng.internal.TestMethodWorker.run(TestMethodWorker.java:109)
	at org.testng.TestRunner.privateRun(TestRunner.java:744)
	at org.testng.TestRunner.run(TestRunner.java:602)
	at org.testng.SuiteRunner.runTest(SuiteRunner.java:380)
	at org.testng.SuiteRunner.runSequentially(SuiteRunner.java:375)
	at org.testng.SuiteRunner.privateRun(SuiteRunner.java:340)
	at org.testng.SuiteRunner.run(SuiteRunner.java:289)
	at org.testng.SuiteRunnerWorker.runSuite(SuiteRunnerWorker.java:52)
	at org.testng.SuiteRunnerWorker.run(SuiteRunnerWorker.java:86)
	at org.testng.TestNG.runSuitesSequentially(TestNG.java:1301)
	at org.testng.TestNG.runSuitesLocally(TestNG.java:1226)
	at org.testng.TestNG.runSuites(TestNG.java:1144)
	at org.testng.TestNG.run(TestNG.java:1115)
	at org.apache.maven.surefire.testng.TestNGExecutor.run(TestNGExecutor.java:135)
	at org.apache.maven.surefire.testng.TestNGDirectoryTestSuite.executeMulti(TestNGDirectoryTestSuite.java:193)
	at org.apache.maven.surefire.testng.TestNGDirectoryTestSuite.execute(TestNGDirectoryTestSuite.java:94)
	at org.apache.maven.surefire.testng.TestNGProvider.invoke(TestNGProvider.java:146)
	at org.apache.maven.surefire.booter.ForkedBooter.invokeProviderInSameClassLoader(ForkedBooter.java:384)
	at org.apache.maven.surefire.booter.ForkedBooter.runSuitesInProcess(ForkedBooter.java:345)
	at org.apache.maven.surefire.booter.ForkedBooter.execute(ForkedBooter.java:126)
	at org.apache.maven.surefire.booter.ForkedBooter.main(ForkedBooter.java:418)

May 19, 2020 10:20:18 PM org.openqa.selenium.remote.ProtocolHandshake createSession
INFO: Detected dialect: W3C
]]></system-err>
  </testcase>
  <testcase name="testHomeSheetMaker" classname="com.qa.mesadnd.selenium.SeleniumNavigationTests" time="8.248">
    <failure message="no such element: Unable to locate element: {&quot;method&quot;:&quot;css selector&quot;,&quot;selector&quot;:&quot;#navSheet&quot;}&#10;  (Session info: chrome=81.0.4044.138)&#10;For documentation on this error, please visit: https://www.seleniumhq.org/exceptions/no_such_element.html&#10;Build info: version: &apos;3.141.59&apos;, revision: &apos;e82be7d358&apos;, time: &apos;2018-11-14T08:17:03&apos;&#10;System info: host: &apos;DESKTOP-2EF6UIN&apos;, ip: &apos;169.254.57.70&apos;, os.name: &apos;Windows 10&apos;, os.arch: &apos;amd64&apos;, os.version: &apos;10.0&apos;, java.version: &apos;11.0.7&apos;&#10;Driver info: org.openqa.selenium.chrome.ChromeDriver&#10;Capabilities {acceptInsecureCerts: false, browserName: chrome, browserVersion: 81.0.4044.138, chrome: {chromedriverVersion: 81.0.4044.69 (6813546031a4b..., userDataDir: C:\Users\BACKUP~1\AppData\L...}, goog:chromeOptions: {debuggerAddress: localhost:52990}, javascriptEnabled: true, networkConnectionEnabled: false, pageLoadStrategy: normal, platform: WINDOWS, platformName: WINDOWS, proxy: Proxy(), setWindowRect: true, strictFileInteractability: false, timeouts: {implicit: 0, pageLoad: 300000, script: 30000}, unhandledPromptBehavior: dismiss and notify, webauthn:virtualAuthenticators: true}&#10;Session ID: cbb7836572455faefe29f05f0528360c&#10;*** Element info: {Using=id, value=navSheet}" type="org.openqa.selenium.NoSuchElementException">org.openqa.selenium.NoSuchElementException: 
no such element: Unable to locate element: {"method":"css selector","selector":"#navSheet"}
  (Session info: chrome=81.0.4044.138)
For documentation on this error, please visit: https://www.seleniumhq.org/exceptions/no_such_element.html
Build info: version: '3.141.59', revision: 'e82be7d358', time: '2018-11-14T08:17:03'
System info: host: 'DESKTOP-2EF6UIN', ip: '169.254.57.70', os.name: 'Windows 10', os.arch: 'amd64', os.version: '10.0', java.version: '11.0.7'
Driver info: org.openqa.selenium.chrome.ChromeDriver
Capabilities {acceptInsecureCerts: false, browserName: chrome, browserVersion: 81.0.4044.138, chrome: {chromedriverVersion: 81.0.4044.69 (6813546031a4b..., userDataDir: C:\Users\BACKUP~1\AppData\L...}, goog:chromeOptions: {debuggerAddress: localhost:52990}, javascriptEnabled: true, networkConnectionEnabled: false, pageLoadStrategy: normal, platform: WINDOWS, platformName: WINDOWS, proxy: Proxy(), setWindowRect: true, strictFileInteractability: false, timeouts: {implicit: 0, pageLoad: 300000, script: 30000}, unhandledPromptBehavior: dismiss and notify, webauthn:virtualAuthenticators: true}
Session ID: cbb7836572455faefe29f05f0528360c
*** Element info: {Using=id, value=navSheet}
	at com.qa.mesadnd.selenium.SeleniumNavigationTests.testHomeSheetMaker(SeleniumNavigationTests.java:87)
</failure>
    <system-err><![CDATA[May 19, 2020 10:20:25 PM org.openqa.selenium.remote.DesiredCapabilities chrome
INFO: Using `new ChromeOptions()` is preferred to `DesiredCapabilities.chrome()`
Starting ChromeDriver 81.0.4044.69 (6813546031a4bc83f717a2ef7cd4ac6ec1199132-refs/branch-heads/4044@{#776}) on port 29032
Only local connections are allowed.
Please protect ports used by ChromeDriver and related test frameworks to prevent access by malicious code.
May 19, 2020 10:20:25 PM org.openqa.selenium.json.JsonOutput lambda$new$14
WARNING: Attempt to convert JsonElement from GSON. This functionality is deprecated. Diagnostic stacktrace follows
org.openqa.selenium.json.JsonException: Stack trace to determine cause of warning
Build info: version: '3.141.59', revision: 'e82be7d358', time: '2018-11-14T08:17:03'
System info: host: 'DESKTOP-2EF6UIN', ip: '169.254.57.70', os.name: 'Windows 10', os.arch: 'amd64', os.version: '10.0', java.version: '11.0.7'
Driver info: driver.version: ChromeDriver
	at org.openqa.selenium.json.JsonOutput.lambda$new$14(JsonOutput.java:145)
	at org.openqa.selenium.json.JsonOutput.write(JsonOutput.java:264)
	at org.openqa.selenium.json.JsonOutput.convertUsingMethod(JsonOutput.java:330)
	at org.openqa.selenium.json.JsonOutput.lambda$new$16(JsonOutput.java:155)
	at org.openqa.selenium.json.JsonOutput.write(JsonOutput.java:264)
	at org.openqa.selenium.json.JsonOutput.lambda$null$23(JsonOutput.java:177)
	at java.base/java.util.TreeMap.forEach(TreeMap.java:1002)
	at java.base/java.util.Collections$UnmodifiableMap.forEach(Collections.java:1505)
	at org.openqa.selenium.json.JsonOutput.lambda$new$24(JsonOutput.java:176)
	at org.openqa.selenium.json.JsonOutput.write(JsonOutput.java:264)
	at org.openqa.selenium.json.JsonOutput.lambda$null$23(JsonOutput.java:177)
	at com.google.common.collect.SingletonImmutableBiMap.forEach(SingletonImmutableBiMap.java:65)
	at org.openqa.selenium.json.JsonOutput.lambda$new$24(JsonOutput.java:176)
	at org.openqa.selenium.json.JsonOutput.write(JsonOutput.java:264)
	at org.openqa.selenium.json.JsonOutput.write(JsonOutput.java:255)
	at org.openqa.selenium.json.Json.toJson(Json.java:42)
	at org.openqa.selenium.remote.NewSessionPayload.create(NewSessionPayload.java:100)
	at org.openqa.selenium.remote.NewSessionPayload.create(NewSessionPayload.java:94)
	at org.openqa.selenium.remote.ProtocolHandshake.createSession(ProtocolHandshake.java:68)
	at org.openqa.selenium.remote.HttpCommandExecutor.execute(HttpCommandExecutor.java:136)
	at org.openqa.selenium.remote.service.DriverCommandExecutor.execute(DriverCommandExecutor.java:83)
	at org.openqa.selenium.remote.RemoteWebDriver.execute(RemoteWebDriver.java:552)
	at org.openqa.selenium.remote.RemoteWebDriver.startSession(RemoteWebDriver.java:213)
	at org.openqa.selenium.remote.RemoteWebDriver.<init>(RemoteWebDriver.java:131)
	at org.openqa.selenium.chrome.ChromeDriver.<init>(ChromeDriver.java:170)
	at org.openqa.selenium.chrome.ChromeDriver.<init>(ChromeDriver.java:159)
	at org.openqa.selenium.chrome.ChromeDriver.<init>(ChromeDriver.java:116)
	at com.qa.mesadnd.selenium.SeleniumNavigationTests.setUp(SeleniumNavigationTests.java:40)
	at java.base/jdk.internal.reflect.NativeMethodAccessorImpl.invoke0(Native Method)
	at java.base/jdk.internal.reflect.NativeMethodAccessorImpl.invoke(NativeMethodAccessorImpl.java:62)
	at java.base/jdk.internal.reflect.DelegatingMethodAccessorImpl.invoke(DelegatingMethodAccessorImpl.java:43)
	at java.base/java.lang.reflect.Method.invoke(Method.java:566)
	at org.testng.internal.MethodInvocationHelper.invokeMethod(MethodInvocationHelper.java:108)
	at org.testng.internal.Invoker.invokeConfigurationMethod(Invoker.java:523)
	at org.testng.internal.Invoker.invokeConfigurations(Invoker.java:224)
	at org.testng.internal.Invoker.invokeMethod(Invoker.java:599)
	at org.testng.internal.Invoker.invokeTestMethod(Invoker.java:869)
	at org.testng.internal.Invoker.invokeTestMethods(Invoker.java:1193)
	at org.testng.internal.TestMethodWorker.invokeTestMethods(TestMethodWorker.java:126)
	at org.testng.internal.TestMethodWorker.run(TestMethodWorker.java:109)
	at org.testng.TestRunner.privateRun(TestRunner.java:744)
	at org.testng.TestRunner.run(TestRunner.java:602)
	at org.testng.SuiteRunner.runTest(SuiteRunner.java:380)
	at org.testng.SuiteRunner.runSequentially(SuiteRunner.java:375)
	at org.testng.SuiteRunner.privateRun(SuiteRunner.java:340)
	at org.testng.SuiteRunner.run(SuiteRunner.java:289)
	at org.testng.SuiteRunnerWorker.runSuite(SuiteRunnerWorker.java:52)
	at org.testng.SuiteRunnerWorker.run(SuiteRunnerWorker.java:86)
	at org.testng.TestNG.runSuitesSequentially(TestNG.java:1301)
	at org.testng.TestNG.runSuitesLocally(TestNG.java:1226)
	at org.testng.TestNG.runSuites(TestNG.java:1144)
	at org.testng.TestNG.run(TestNG.java:1115)
	at org.apache.maven.surefire.testng.TestNGExecutor.run(TestNGExecutor.java:135)
	at org.apache.maven.surefire.testng.TestNGDirectoryTestSuite.executeMulti(TestNGDirectoryTestSuite.java:193)
	at org.apache.maven.surefire.testng.TestNGDirectoryTestSuite.execute(TestNGDirectoryTestSuite.java:94)
	at org.apache.maven.surefire.testng.TestNGProvider.invoke(TestNGProvider.java:146)
	at org.apache.maven.surefire.booter.ForkedBooter.invokeProviderInSameClassLoader(ForkedBooter.java:384)
	at org.apache.maven.surefire.booter.ForkedBooter.runSuitesInProcess(ForkedBooter.java:345)
	at org.apache.maven.surefire.booter.ForkedBooter.execute(ForkedBooter.java:126)
	at org.apache.maven.surefire.booter.ForkedBooter.main(ForkedBooter.java:418)

May 19, 2020 10:20:28 PM org.openqa.selenium.remote.ProtocolHandshake createSession
INFO: Detected dialect: W3C
]]></system-err>
  </testcase>
  <testcase name="testMakerSheetHome" classname="com.qa.mesadnd.selenium.SeleniumNavigationTests" time="8.245">
    <failure message="no such element: Unable to locate element: {&quot;method&quot;:&quot;css selector&quot;,&quot;selector&quot;:&quot;#navMaker&quot;}&#10;  (Session info: chrome=81.0.4044.138)&#10;For documentation on this error, please visit: https://www.seleniumhq.org/exceptions/no_such_element.html&#10;Build info: version: &apos;3.141.59&apos;, revision: &apos;e82be7d358&apos;, time: &apos;2018-11-14T08:17:03&apos;&#10;System info: host: &apos;DESKTOP-2EF6UIN&apos;, ip: &apos;169.254.57.70&apos;, os.name: &apos;Windows 10&apos;, os.arch: &apos;amd64&apos;, os.version: &apos;10.0&apos;, java.version: &apos;11.0.7&apos;&#10;Driver info: org.openqa.selenium.chrome.ChromeDriver&#10;Capabilities {acceptInsecureCerts: false, browserName: chrome, browserVersion: 81.0.4044.138, chrome: {chromedriverVersion: 81.0.4044.69 (6813546031a4b..., userDataDir: C:\Users\BACKUP~1\AppData\L...}, goog:chromeOptions: {debuggerAddress: localhost:53026}, javascriptEnabled: true, networkConnectionEnabled: false, pageLoadStrategy: normal, platform: WINDOWS, platformName: WINDOWS, proxy: Proxy(), setWindowRect: true, strictFileInteractability: false, timeouts: {implicit: 0, pageLoad: 300000, script: 30000}, unhandledPromptBehavior: dismiss and notify, webauthn:virtualAuthenticators: true}&#10;Session ID: 55d7ab79c626c0eb2171cc1916b9a373&#10;*** Element info: {Using=id, value=navMaker}" type="org.openqa.selenium.NoSuchElementException">org.openqa.selenium.NoSuchElementException: 
no such element: Unable to locate element: {"method":"css selector","selector":"#navMaker"}
  (Session info: chrome=81.0.4044.138)
For documentation on this error, please visit: https://www.seleniumhq.org/exceptions/no_such_element.html
Build info: version: '3.141.59', revision: 'e82be7d358', time: '2018-11-14T08:17:03'
System info: host: 'DESKTOP-2EF6UIN', ip: '169.254.57.70', os.name: 'Windows 10', os.arch: 'amd64', os.version: '10.0', java.version: '11.0.7'
Driver info: org.openqa.selenium.chrome.ChromeDriver
Capabilities {acceptInsecureCerts: false, browserName: chrome, browserVersion: 81.0.4044.138, chrome: {chromedriverVersion: 81.0.4044.69 (6813546031a4b..., userDataDir: C:\Users\BACKUP~1\AppData\L...}, goog:chromeOptions: {debuggerAddress: localhost:53026}, javascriptEnabled: true, networkConnectionEnabled: false, pageLoadStrategy: normal, platform: WINDOWS, platformName: WINDOWS, proxy: Proxy(), setWindowRect: true, strictFileInteractability: false, timeouts: {implicit: 0, pageLoad: 300000, script: 30000}, unhandledPromptBehavior: dismiss and notify, webauthn:virtualAuthenticators: true}
Session ID: 55d7ab79c626c0eb2171cc1916b9a373
*** Element info: {Using=id, value=navMaker}
	at com.qa.mesadnd.selenium.SeleniumNavigationTests.testMakerSheetHome(SeleniumNavigationTests.java:113)
</failure>
    <system-err><![CDATA[May 19, 2020 10:20:36 PM org.openqa.selenium.remote.DesiredCapabilities chrome
INFO: Using `new ChromeOptions()` is preferred to `DesiredCapabilities.chrome()`
Starting ChromeDriver 81.0.4044.69 (6813546031a4bc83f717a2ef7cd4ac6ec1199132-refs/branch-heads/4044@{#776}) on port 18988
Only local connections are allowed.
Please protect ports used by ChromeDriver and related test frameworks to prevent access by malicious code.
May 19, 2020 10:20:36 PM org.openqa.selenium.json.JsonOutput lambda$new$14
WARNING: Attempt to convert JsonElement from GSON. This functionality is deprecated. Diagnostic stacktrace follows
org.openqa.selenium.json.JsonException: Stack trace to determine cause of warning
Build info: version: '3.141.59', revision: 'e82be7d358', time: '2018-11-14T08:17:03'
System info: host: 'DESKTOP-2EF6UIN', ip: '169.254.57.70', os.name: 'Windows 10', os.arch: 'amd64', os.version: '10.0', java.version: '11.0.7'
Driver info: driver.version: ChromeDriver
	at org.openqa.selenium.json.JsonOutput.lambda$new$14(JsonOutput.java:145)
	at org.openqa.selenium.json.JsonOutput.write(JsonOutput.java:264)
	at org.openqa.selenium.json.JsonOutput.convertUsingMethod(JsonOutput.java:330)
	at org.openqa.selenium.json.JsonOutput.lambda$new$16(JsonOutput.java:155)
	at org.openqa.selenium.json.JsonOutput.write(JsonOutput.java:264)
	at org.openqa.selenium.json.JsonOutput.lambda$null$23(JsonOutput.java:177)
	at java.base/java.util.TreeMap.forEach(TreeMap.java:1002)
	at java.base/java.util.Collections$UnmodifiableMap.forEach(Collections.java:1505)
	at org.openqa.selenium.json.JsonOutput.lambda$new$24(JsonOutput.java:176)
	at org.openqa.selenium.json.JsonOutput.write(JsonOutput.java:264)
	at org.openqa.selenium.json.JsonOutput.lambda$null$23(JsonOutput.java:177)
	at com.google.common.collect.SingletonImmutableBiMap.forEach(SingletonImmutableBiMap.java:65)
	at org.openqa.selenium.json.JsonOutput.lambda$new$24(JsonOutput.java:176)
	at org.openqa.selenium.json.JsonOutput.write(JsonOutput.java:264)
	at org.openqa.selenium.json.JsonOutput.write(JsonOutput.java:255)
	at org.openqa.selenium.json.Json.toJson(Json.java:42)
	at org.openqa.selenium.remote.NewSessionPayload.create(NewSessionPayload.java:100)
	at org.openqa.selenium.remote.NewSessionPayload.create(NewSessionPayload.java:94)
	at org.openqa.selenium.remote.ProtocolHandshake.createSession(ProtocolHandshake.java:68)
	at org.openqa.selenium.remote.HttpCommandExecutor.execute(HttpCommandExecutor.java:136)
	at org.openqa.selenium.remote.service.DriverCommandExecutor.execute(DriverCommandExecutor.java:83)
	at org.openqa.selenium.remote.RemoteWebDriver.execute(RemoteWebDriver.java:552)
	at org.openqa.selenium.remote.RemoteWebDriver.startSession(RemoteWebDriver.java:213)
	at org.openqa.selenium.remote.RemoteWebDriver.<init>(RemoteWebDriver.java:131)
	at org.openqa.selenium.chrome.ChromeDriver.<init>(ChromeDriver.java:170)
	at org.openqa.selenium.chrome.ChromeDriver.<init>(ChromeDriver.java:159)
	at org.openqa.selenium.chrome.ChromeDriver.<init>(ChromeDriver.java:116)
	at com.qa.mesadnd.selenium.SeleniumNavigationTests.setUp(SeleniumNavigationTests.java:40)
	at java.base/jdk.internal.reflect.NativeMethodAccessorImpl.invoke0(Native Method)
	at java.base/jdk.internal.reflect.NativeMethodAccessorImpl.invoke(NativeMethodAccessorImpl.java:62)
	at java.base/jdk.internal.reflect.DelegatingMethodAccessorImpl.invoke(DelegatingMethodAccessorImpl.java:43)
	at java.base/java.lang.reflect.Method.invoke(Method.java:566)
	at org.testng.internal.MethodInvocationHelper.invokeMethod(MethodInvocationHelper.java:108)
	at org.testng.internal.Invoker.invokeConfigurationMethod(Invoker.java:523)
	at org.testng.internal.Invoker.invokeConfigurations(Invoker.java:224)
	at org.testng.internal.Invoker.invokeMethod(Invoker.java:599)
	at org.testng.internal.Invoker.invokeTestMethod(Invoker.java:869)
	at org.testng.internal.Invoker.invokeTestMethods(Invoker.java:1193)
	at org.testng.internal.TestMethodWorker.invokeTestMethods(TestMethodWorker.java:126)
	at org.testng.internal.TestMethodWorker.run(TestMethodWorker.java:109)
	at org.testng.TestRunner.privateRun(TestRunner.java:744)
	at org.testng.TestRunner.run(TestRunner.java:602)
	at org.testng.SuiteRunner.runTest(SuiteRunner.java:380)
	at org.testng.SuiteRunner.runSequentially(SuiteRunner.java:375)
	at org.testng.SuiteRunner.privateRun(SuiteRunner.java:340)
	at org.testng.SuiteRunner.run(SuiteRunner.java:289)
	at org.testng.SuiteRunnerWorker.runSuite(SuiteRunnerWorker.java:52)
	at org.testng.SuiteRunnerWorker.run(SuiteRunnerWorker.java:86)
	at org.testng.TestNG.runSuitesSequentially(TestNG.java:1301)
	at org.testng.TestNG.runSuitesLocally(TestNG.java:1226)
	at org.testng.TestNG.runSuites(TestNG.java:1144)
	at org.testng.TestNG.run(TestNG.java:1115)
	at org.apache.maven.surefire.testng.TestNGExecutor.run(TestNGExecutor.java:135)
	at org.apache.maven.surefire.testng.TestNGDirectoryTestSuite.executeMulti(TestNGDirectoryTestSuite.java:193)
	at org.apache.maven.surefire.testng.TestNGDirectoryTestSuite.execute(TestNGDirectoryTestSuite.java:94)
	at org.apache.maven.surefire.testng.TestNGProvider.invoke(TestNGProvider.java:146)
	at org.apache.maven.surefire.booter.ForkedBooter.invokeProviderInSameClassLoader(ForkedBooter.java:384)
	at org.apache.maven.surefire.booter.ForkedBooter.runSuitesInProcess(ForkedBooter.java:345)
	at org.apache.maven.surefire.booter.ForkedBooter.execute(ForkedBooter.java:126)
	at org.apache.maven.surefire.booter.ForkedBooter.main(ForkedBooter.java:418)

May 19, 2020 10:20:39 PM org.openqa.selenium.remote.ProtocolHandshake createSession
INFO: Detected dialect: W3C
]]></system-err>
  </testcase>
  <testcase name="testMesaHomeTitle" classname="com.qa.mesadnd.selenium.SeleniumNavigationTests" time="6.235">
    <failure message="expected [Mesa Home Page] but found [localhost]" type="java.lang.AssertionError">java.lang.AssertionError: expected [Mesa Home Page] but found [localhost]
	at com.qa.mesadnd.selenium.SeleniumNavigationTests.testMesaHomeTitle(SeleniumNavigationTests.java:50)
</failure>
    <system-err><![CDATA[May 19, 2020 10:20:47 PM org.openqa.selenium.remote.DesiredCapabilities chrome
INFO: Using `new ChromeOptions()` is preferred to `DesiredCapabilities.chrome()`
Starting ChromeDriver 81.0.4044.69 (6813546031a4bc83f717a2ef7cd4ac6ec1199132-refs/branch-heads/4044@{#776}) on port 15874
Only local connections are allowed.
Please protect ports used by ChromeDriver and related test frameworks to prevent access by malicious code.
May 19, 2020 10:20:48 PM org.openqa.selenium.json.JsonOutput lambda$new$14
WARNING: Attempt to convert JsonElement from GSON. This functionality is deprecated. Diagnostic stacktrace follows
org.openqa.selenium.json.JsonException: Stack trace to determine cause of warning
Build info: version: '3.141.59', revision: 'e82be7d358', time: '2018-11-14T08:17:03'
System info: host: 'DESKTOP-2EF6UIN', ip: '169.254.57.70', os.name: 'Windows 10', os.arch: 'amd64', os.version: '10.0', java.version: '11.0.7'
Driver info: driver.version: ChromeDriver
	at org.openqa.selenium.json.JsonOutput.lambda$new$14(JsonOutput.java:145)
	at org.openqa.selenium.json.JsonOutput.write(JsonOutput.java:264)
	at org.openqa.selenium.json.JsonOutput.convertUsingMethod(JsonOutput.java:330)
	at org.openqa.selenium.json.JsonOutput.lambda$new$16(JsonOutput.java:155)
	at org.openqa.selenium.json.JsonOutput.write(JsonOutput.java:264)
	at org.openqa.selenium.json.JsonOutput.lambda$null$23(JsonOutput.java:177)
	at java.base/java.util.TreeMap.forEach(TreeMap.java:1002)
	at java.base/java.util.Collections$UnmodifiableMap.forEach(Collections.java:1505)
	at org.openqa.selenium.json.JsonOutput.lambda$new$24(JsonOutput.java:176)
	at org.openqa.selenium.json.JsonOutput.write(JsonOutput.java:264)
	at org.openqa.selenium.json.JsonOutput.lambda$null$23(JsonOutput.java:177)
	at com.google.common.collect.SingletonImmutableBiMap.forEach(SingletonImmutableBiMap.java:65)
	at org.openqa.selenium.json.JsonOutput.lambda$new$24(JsonOutput.java:176)
	at org.openqa.selenium.json.JsonOutput.write(JsonOutput.java:264)
	at org.openqa.selenium.json.JsonOutput.write(JsonOutput.java:255)
	at org.openqa.selenium.json.Json.toJson(Json.java:42)
	at org.openqa.selenium.remote.NewSessionPayload.create(NewSessionPayload.java:100)
	at org.openqa.selenium.remote.NewSessionPayload.create(NewSessionPayload.java:94)
	at org.openqa.selenium.remote.ProtocolHandshake.createSession(ProtocolHandshake.java:68)
	at org.openqa.selenium.remote.HttpCommandExecutor.execute(HttpCommandExecutor.java:136)
	at org.openqa.selenium.remote.service.DriverCommandExecutor.execute(DriverCommandExecutor.java:83)
	at org.openqa.selenium.remote.RemoteWebDriver.execute(RemoteWebDriver.java:552)
	at org.openqa.selenium.remote.RemoteWebDriver.startSession(RemoteWebDriver.java:213)
	at org.openqa.selenium.remote.RemoteWebDriver.<init>(RemoteWebDriver.java:131)
	at org.openqa.selenium.chrome.ChromeDriver.<init>(ChromeDriver.java:170)
	at org.openqa.selenium.chrome.ChromeDriver.<init>(ChromeDriver.java:159)
	at org.openqa.selenium.chrome.ChromeDriver.<init>(ChromeDriver.java:116)
	at com.qa.mesadnd.selenium.SeleniumNavigationTests.setUp(SeleniumNavigationTests.java:40)
	at java.base/jdk.internal.reflect.NativeMethodAccessorImpl.invoke0(Native Method)
	at java.base/jdk.internal.reflect.NativeMethodAccessorImpl.invoke(NativeMethodAccessorImpl.java:62)
	at java.base/jdk.internal.reflect.DelegatingMethodAccessorImpl.invoke(DelegatingMethodAccessorImpl.java:43)
	at java.base/java.lang.reflect.Method.invoke(Method.java:566)
	at org.testng.internal.MethodInvocationHelper.invokeMethod(MethodInvocationHelper.java:108)
	at org.testng.internal.Invoker.invokeConfigurationMethod(Invoker.java:523)
	at org.testng.internal.Invoker.invokeConfigurations(Invoker.java:224)
	at org.testng.internal.Invoker.invokeMethod(Invoker.java:599)
	at org.testng.internal.Invoker.invokeTestMethod(Invoker.java:869)
	at org.testng.internal.Invoker.invokeTestMethods(Invoker.java:1193)
	at org.testng.internal.TestMethodWorker.invokeTestMethods(TestMethodWorker.java:126)
	at org.testng.internal.TestMethodWorker.run(TestMethodWorker.java:109)
	at org.testng.TestRunner.privateRun(TestRunner.java:744)
	at org.testng.TestRunner.run(TestRunner.java:602)
	at org.testng.SuiteRunner.runTest(SuiteRunner.java:380)
	at org.testng.SuiteRunner.runSequentially(SuiteRunner.java:375)
	at org.testng.SuiteRunner.privateRun(SuiteRunner.java:340)
	at org.testng.SuiteRunner.run(SuiteRunner.java:289)
	at org.testng.SuiteRunnerWorker.runSuite(SuiteRunnerWorker.java:52)
	at org.testng.SuiteRunnerWorker.run(SuiteRunnerWorker.java:86)
	at org.testng.TestNG.runSuitesSequentially(TestNG.java:1301)
	at org.testng.TestNG.runSuitesLocally(TestNG.java:1226)
	at org.testng.TestNG.runSuites(TestNG.java:1144)
	at org.testng.TestNG.run(TestNG.java:1115)
	at org.apache.maven.surefire.testng.TestNGExecutor.run(TestNGExecutor.java:135)
	at org.apache.maven.surefire.testng.TestNGDirectoryTestSuite.executeMulti(TestNGDirectoryTestSuite.java:193)
	at org.apache.maven.surefire.testng.TestNGDirectoryTestSuite.execute(TestNGDirectoryTestSuite.java:94)
	at org.apache.maven.surefire.testng.TestNGProvider.invoke(TestNGProvider.java:146)
	at org.apache.maven.surefire.booter.ForkedBooter.invokeProviderInSameClassLoader(ForkedBooter.java:384)
	at org.apache.maven.surefire.booter.ForkedBooter.runSuitesInProcess(ForkedBooter.java:345)
	at org.apache.maven.surefire.booter.ForkedBooter.execute(ForkedBooter.java:126)
	at org.apache.maven.surefire.booter.ForkedBooter.main(ForkedBooter.java:418)

May 19, 2020 10:20:50 PM org.openqa.selenium.remote.ProtocolHandshake createSession
INFO: Detected dialect: W3C
]]></system-err>
  </testcase>
  <testcase name="deleteAbilitiesTest on deleteAbilitiesTest(com.qa.mesadnd.controller.AbilitiesControllerIntegrationTest)" classname="com.qa.mesadnd.controller.AbilitiesControllerIntegrationTest" time="1.287"/>
  <testcase name="createAbilitiesTest on createAbilitiesTest(com.qa.mesadnd.controller.AbilitiesControllerIntegrationTest)" classname="com.qa.mesadnd.controller.AbilitiesControllerIntegrationTest" time="0.321"/>
  <testcase name="getAllAbilitiesTest on getAllAbilitiesTest(com.qa.mesadnd.controller.AbilitiesControllerIntegrationTest)" classname="com.qa.mesadnd.controller.AbilitiesControllerIntegrationTest" time="0.327"/>
  <testcase name="getAbilitiesByID on getAbilitiesByID(com.qa.mesadnd.controller.AbilitiesControllerIntegrationTest)" classname="com.qa.mesadnd.controller.AbilitiesControllerIntegrationTest" time="0.309"/>
  <testcase name="getAbilitiesByIDTest on getAbilitiesByIDTest(com.qa.mesadnd.controller.AbilitiesControllerUnitTest)" classname="com.qa.mesadnd.controller.AbilitiesControllerUnitTest" time="0.18"/>
  <testcase name="createAbilitiesTest on createAbilitiesTest(com.qa.mesadnd.controller.AbilitiesControllerUnitTest)" classname="com.qa.mesadnd.controller.AbilitiesControllerUnitTest" time="0.003"/>
  <testcase name="getAllAbilitiesTest on getAllAbilitiesTest(com.qa.mesadnd.controller.AbilitiesControllerUnitTest)" classname="com.qa.mesadnd.controller.AbilitiesControllerUnitTest" time="0.004"/>
  <testcase name="deleteAbilitiesTestFalse on deleteAbilitiesTestFalse(com.qa.mesadnd.controller.AbilitiesControllerUnitTest)" classname="com.qa.mesadnd.controller.AbilitiesControllerUnitTest" time="0.003"/>
  <testcase name="deleteSkillsTestTrue on deleteSkillsTestTrue(com.qa.mesadnd.controller.AbilitiesControllerUnitTest)" classname="com.qa.mesadnd.controller.AbilitiesControllerUnitTest" time="0.003"/>
  <testcase name="deleteCharacterTest on deleteCharacterTest(com.qa.mesadnd.controller.CharacterSheetControllerIntegrationTest)" classname="com.qa.mesadnd.controller.CharacterSheetControllerIntegrationTest" time="0.701"/>
  <testcase name="createCharacterTest on createCharacterTest(com.qa.mesadnd.controller.CharacterSheetControllerIntegrationTest)" classname="com.qa.mesadnd.controller.CharacterSheetControllerIntegrationTest" time="0.366"/>
  <testcase name="getAllCharacterTest on getAllCharacterTest(com.qa.mesadnd.controller.CharacterSheetControllerIntegrationTest)" classname="com.qa.mesadnd.controller.CharacterSheetControllerIntegrationTest" time="0.454"/>
  <testcase name="getCharacterByID on getCharacterByID(com.qa.mesadnd.controller.CharacterSheetControllerIntegrationTest)" classname="com.qa.mesadnd.controller.CharacterSheetControllerIntegrationTest" time="0.449"/>
  <testcase name="createCharacterTest on createCharacterTest(com.qa.mesadnd.controller.CharacterSheetControllerUnitTest)" classname="com.qa.mesadnd.controller.CharacterSheetControllerUnitTest" time="0.039"/>
  <testcase name="getAllCharacterTest on getAllCharacterTest(com.qa.mesadnd.controller.CharacterSheetControllerUnitTest)" classname="com.qa.mesadnd.controller.CharacterSheetControllerUnitTest" time="0.002"/>
  <testcase name="deleteCharacterTestFalse on deleteCharacterTestFalse(com.qa.mesadnd.controller.CharacterSheetControllerUnitTest)" classname="com.qa.mesadnd.controller.CharacterSheetControllerUnitTest" time="0.002"/>
  <testcase name="getCharacterByIDTest on getCharacterByIDTest(com.qa.mesadnd.controller.CharacterSheetControllerUnitTest)" classname="com.qa.mesadnd.controller.CharacterSheetControllerUnitTest" time="0.002"/>
  <testcase name="createSkillsTest on createSkillsTest(com.qa.mesadnd.controller.SkillsControllerIntegrationTest)" classname="com.qa.mesadnd.controller.SkillsControllerIntegrationTest" time="0.864"/>
  <testcase name="getAllSkillsTest on getAllSkillsTest(com.qa.mesadnd.controller.SkillsControllerIntegrationTest)" classname="com.qa.mesadnd.controller.SkillsControllerIntegrationTest" time="0.312"/>
  <testcase name="deleteSkillsTest on deleteSkillsTest(com.qa.mesadnd.controller.SkillsControllerIntegrationTest)" classname="com.qa.mesadnd.controller.SkillsControllerIntegrationTest" time="0.533"/>
  <testcase name="getSkillsByID on getSkillsByID(com.qa.mesadnd.controller.SkillsControllerIntegrationTest)" classname="com.qa.mesadnd.controller.SkillsControllerIntegrationTest" time="0.265"/>
  <testcase name="deleteSkillsTestFalse on deleteSkillsTestFalse(com.qa.mesadnd.controller.SkillsControllerUnitTest)" classname="com.qa.mesadnd.controller.SkillsControllerUnitTest" time="0.042"/>
  <testcase name="createSkillsTest on createSkillsTest(com.qa.mesadnd.controller.SkillsControllerUnitTest)" classname="com.qa.mesadnd.controller.SkillsControllerUnitTest" time="0.002"/>
  <testcase name="getSkillsByIDTest on getSkillsByIDTest(com.qa.mesadnd.controller.SkillsControllerUnitTest)" classname="com.qa.mesadnd.controller.SkillsControllerUnitTest" time="0.017"/>
  <testcase name="getAllSkillsTest on getAllSkillsTest(com.qa.mesadnd.controller.SkillsControllerUnitTest)" classname="com.qa.mesadnd.controller.SkillsControllerUnitTest" time="0.002"/>
  <testcase name="deleteSkillsTestTrue on deleteSkillsTestTrue(com.qa.mesadnd.controller.SkillsControllerUnitTest)" classname="com.qa.mesadnd.controller.SkillsControllerUnitTest" time="0.001"/>
  <testcase name="checkEqualityBetweenDifferentObjects on checkEqualityBetweenDifferentObjects(com.qa.mesadnd.domain.AbilitiesTest)" classname="com.qa.mesadnd.domain.AbilitiesTest" time="0"/>
  <testcase name="checkEquality on checkEquality(com.qa.mesadnd.domain.AbilitiesTest)" classname="com.qa.mesadnd.domain.AbilitiesTest" time="0"/>
  <testcase name="abilitiesIDDifferent on abilitiesIDDifferent(com.qa.mesadnd.domain.AbilitiesTest)" classname="com.qa.mesadnd.domain.AbilitiesTest" time="0.001"/>
  <testcase name="dexterityNotEqual on dexterityNotEqual(com.qa.mesadnd.domain.AbilitiesTest)" classname="com.qa.mesadnd.domain.AbilitiesTest" time="0"/>
  <testcase name="nullId on nullId(com.qa.mesadnd.domain.AbilitiesTest)" classname="com.qa.mesadnd.domain.AbilitiesTest" time="0"/>
  <testcase name="equalsWithNull on equalsWithNull(com.qa.mesadnd.domain.AbilitiesTest)" classname="com.qa.mesadnd.domain.AbilitiesTest" time="0"/>
  <testcase name="wisdomNotEqual on wisdomNotEqual(com.qa.mesadnd.domain.AbilitiesTest)" classname="com.qa.mesadnd.domain.AbilitiesTest" time="0"/>
  <testcase name="wisdomNullButOtherWisdomNotNull on wisdomNullButOtherWisdomNotNull(com.qa.mesadnd.domain.AbilitiesTest)" classname="com.qa.mesadnd.domain.AbilitiesTest" time="0"/>
  <testcase name="dexterityNullButOtherDexterityNotNull on dexterityNullButOtherDexterityNotNull(com.qa.mesadnd.domain.AbilitiesTest)" classname="com.qa.mesadnd.domain.AbilitiesTest" time="0"/>
  <testcase name="constitutionNullButOtherConstitutionNotNull on constitutionNullButOtherConstitutionNotNull(com.qa.mesadnd.domain.AbilitiesTest)" classname="com.qa.mesadnd.domain.AbilitiesTest" time="0.001"/>
  <testcase name="equalsWithDifferentObject on equalsWithDifferentObject(com.qa.mesadnd.domain.AbilitiesTest)" classname="com.qa.mesadnd.domain.AbilitiesTest" time="0"/>
  <testcase name="charismaNotEqual on charismaNotEqual(com.qa.mesadnd.domain.AbilitiesTest)" classname="com.qa.mesadnd.domain.AbilitiesTest" time="0"/>
  <testcase name="settersTest on settersTest(com.qa.mesadnd.domain.AbilitiesTest)" classname="com.qa.mesadnd.domain.AbilitiesTest" time="0"/>
  <testcase name="strengthNotEqual on strengthNotEqual(com.qa.mesadnd.domain.AbilitiesTest)" classname="com.qa.mesadnd.domain.AbilitiesTest" time="0"/>
  <testcase name="strengthNullButOtherStrengthNotNull on strengthNullButOtherStrengthNotNull(com.qa.mesadnd.domain.AbilitiesTest)" classname="com.qa.mesadnd.domain.AbilitiesTest" time="0"/>
  <testcase name="intelligenceNullButOtherIntelligenceNotNull on intelligenceNullButOtherIntelligenceNotNull(com.qa.mesadnd.domain.AbilitiesTest)" classname="com.qa.mesadnd.domain.AbilitiesTest" time="0"/>
  <testcase name="createSkillsSheetWithId on createSkillsSheetWithId(com.qa.mesadnd.domain.AbilitiesTest)" classname="com.qa.mesadnd.domain.AbilitiesTest" time="0"/>
  <testcase name="intelligenceNotEqual on intelligenceNotEqual(com.qa.mesadnd.domain.AbilitiesTest)" classname="com.qa.mesadnd.domain.AbilitiesTest" time="0"/>
  <testcase name="hashCodeTestWithNull on hashCodeTestWithNull(com.qa.mesadnd.domain.AbilitiesTest)" classname="com.qa.mesadnd.domain.AbilitiesTest" time="0"/>
  <testcase name="charismaNullButOtherCharismaNotNull on charismaNullButOtherCharismaNotNull(com.qa.mesadnd.domain.AbilitiesTest)" classname="com.qa.mesadnd.domain.AbilitiesTest" time="0"/>
  <testcase name="constitutionNotEqual on constitutionNotEqual(com.qa.mesadnd.domain.AbilitiesTest)" classname="com.qa.mesadnd.domain.AbilitiesTest" time="0"/>
  <testcase name="otherIdDifferent on otherIdDifferent(com.qa.mesadnd.domain.AbilitiesTest)" classname="com.qa.mesadnd.domain.AbilitiesTest" time="0"/>
  <testcase name="constructorWithoutId on constructorWithoutId(com.qa.mesadnd.domain.CharacterSheetTest)" classname="com.qa.mesadnd.domain.CharacterSheetTest" time="0.001"/>
  <testcase name="characterSheetNamesNotEqual on characterSheetNamesNotEqual(com.qa.mesadnd.domain.CharacterSheetTest)" classname="com.qa.mesadnd.domain.CharacterSheetTest" time="0"/>
  <testcase name="checkEqualityBetweenDifferentObjects on checkEqualityBetweenDifferentObjects(com.qa.mesadnd.domain.CharacterSheetTest)" classname="com.qa.mesadnd.domain.CharacterSheetTest" time="0"/>
  <testcase name="checkEquality on checkEquality(com.qa.mesadnd.domain.CharacterSheetTest)" classname="com.qa.mesadnd.domain.CharacterSheetTest" time="0"/>
  <testcase name="characterSheetNameNullButOtherNameNotNull on characterSheetNameNullButOtherNameNotNull(com.qa.mesadnd.domain.CharacterSheetTest)" classname="com.qa.mesadnd.domain.CharacterSheetTest" time="0"/>
  <testcase name="characterSheetMaxHpNotEqual on characterSheetMaxHpNotEqual(com.qa.mesadnd.domain.CharacterSheetTest)" classname="com.qa.mesadnd.domain.CharacterSheetTest" time="0"/>
  <testcase name="characterSheetExpNotEqual on characterSheetExpNotEqual(com.qa.mesadnd.domain.CharacterSheetTest)" classname="com.qa.mesadnd.domain.CharacterSheetTest" time="0"/>
  <testcase name="nullId on nullId(com.qa.mesadnd.domain.CharacterSheetTest)" classname="com.qa.mesadnd.domain.CharacterSheetTest" time="0.001"/>
  <testcase name="equalsWithNull on equalsWithNull(com.qa.mesadnd.domain.CharacterSheetTest)" classname="com.qa.mesadnd.domain.CharacterSheetTest" time="0"/>
  <testcase name="characterSheetExpNullButOtherExpNotNull on characterSheetExpNullButOtherExpNotNull(com.qa.mesadnd.domain.CharacterSheetTest)" classname="com.qa.mesadnd.domain.CharacterSheetTest" time="0"/>
  <testcase name="characterSheetMaxHpNullButOtherMaxHpNotNull on characterSheetMaxHpNullButOtherMaxHpNotNull(com.qa.mesadnd.domain.CharacterSheetTest)" classname="com.qa.mesadnd.domain.CharacterSheetTest" time="0"/>
  <testcase name="characterSheetIDDifferent on characterSheetIDDifferent(com.qa.mesadnd.domain.CharacterSheetTest)" classname="com.qa.mesadnd.domain.CharacterSheetTest" time="0"/>
  <testcase name="characterSheetCurrentHpNotEqual on characterSheetCurrentHpNotEqual(com.qa.mesadnd.domain.CharacterSheetTest)" classname="com.qa.mesadnd.domain.CharacterSheetTest" time="0"/>
  <testcase name="characterSheetCurrentHpNullButOtherCurrentHpNotNull on characterSheetCurrentHpNullButOtherCurrentHpNotNull(com.qa.mesadnd.domain.CharacterSheetTest)" classname="com.qa.mesadnd.domain.CharacterSheetTest" time="0"/>
  <testcase name="equalsWithDifferentObject on equalsWithDifferentObject(com.qa.mesadnd.domain.CharacterSheetTest)" classname="com.qa.mesadnd.domain.CharacterSheetTest" time="0"/>
  <testcase name="settersTest on settersTest(com.qa.mesadnd.domain.CharacterSheetTest)" classname="com.qa.mesadnd.domain.CharacterSheetTest" time="0"/>
  <testcase name="createCharacterSheetWithId on createCharacterSheetWithId(com.qa.mesadnd.domain.CharacterSheetTest)" classname="com.qa.mesadnd.domain.CharacterSheetTest" time="0"/>
  <testcase name="hashCodeTestWithNull on hashCodeTestWithNull(com.qa.mesadnd.domain.CharacterSheetTest)" classname="com.qa.mesadnd.domain.CharacterSheetTest" time="0"/>
  <testcase name="otherIdDifferent on otherIdDifferent(com.qa.mesadnd.domain.CharacterSheetTest)" classname="com.qa.mesadnd.domain.CharacterSheetTest" time="0"/>
  <testcase name="skillsNamesNotEqual on skillsNamesNotEqual(com.qa.mesadnd.domain.SkillsUnitTest)" classname="com.qa.mesadnd.domain.SkillsUnitTest" time="0"/>
  <testcase name="skillModifierNullButOtherSkillModifierNotNull on skillModifierNullButOtherSkillModifierNotNull(com.qa.mesadnd.domain.SkillsUnitTest)" classname="com.qa.mesadnd.domain.SkillsUnitTest" time="0"/>
  <testcase name="skillModifierNotEqual on skillModifierNotEqual(com.qa.mesadnd.domain.SkillsUnitTest)" classname="com.qa.mesadnd.domain.SkillsUnitTest" time="0"/>
  <testcase name="checkEqualityBetweenDifferentObjects on checkEqualityBetweenDifferentObjects(com.qa.mesadnd.domain.SkillsUnitTest)" classname="com.qa.mesadnd.domain.SkillsUnitTest" time="0"/>
  <testcase name="checkEquality on checkEquality(com.qa.mesadnd.domain.SkillsUnitTest)" classname="com.qa.mesadnd.domain.SkillsUnitTest" time="0"/>
  <testcase name="nullId on nullId(com.qa.mesadnd.domain.SkillsUnitTest)" classname="com.qa.mesadnd.domain.SkillsUnitTest" time="0"/>
  <testcase name="equalsWithNull on equalsWithNull(com.qa.mesadnd.domain.SkillsUnitTest)" classname="com.qa.mesadnd.domain.SkillsUnitTest" time="0"/>
  <testcase name="skillsNameNullButOtherNameNotNull on skillsNameNullButOtherNameNotNull(com.qa.mesadnd.domain.SkillsUnitTest)" classname="com.qa.mesadnd.domain.SkillsUnitTest" time="0"/>
  <testcase name="characterSheetIDDifferent on characterSheetIDDifferent(com.qa.mesadnd.domain.SkillsUnitTest)" classname="com.qa.mesadnd.domain.SkillsUnitTest" time="0"/>
  <testcase name="equalsWithDifferentObject on equalsWithDifferentObject(com.qa.mesadnd.domain.SkillsUnitTest)" classname="com.qa.mesadnd.domain.SkillsUnitTest" time="0"/>
  <testcase name="settersTest on settersTest(com.qa.mesadnd.domain.SkillsUnitTest)" classname="com.qa.mesadnd.domain.SkillsUnitTest" time="0"/>
  <testcase name="createSkillsSheetWithId on createSkillsSheetWithId(com.qa.mesadnd.domain.SkillsUnitTest)" classname="com.qa.mesadnd.domain.SkillsUnitTest" time="0"/>
  <testcase name="hashCodeTestWithNull on hashCodeTestWithNull(com.qa.mesadnd.domain.SkillsUnitTest)" classname="com.qa.mesadnd.domain.SkillsUnitTest" time="0"/>
  <testcase name="otherIdDifferent on otherIdDifferent(com.qa.mesadnd.domain.SkillsUnitTest)" classname="com.qa.mesadnd.domain.SkillsUnitTest" time="0"/>
  <testcase name="checkEqualityBetweenDifferentObjects on checkEqualityBetweenDifferentObjects(com.qa.mesadnd.dto.AbilitiesDTOTest)" classname="com.qa.mesadnd.dto.AbilitiesDTOTest" time="0"/>
  <testcase name="checkEquality on checkEquality(com.qa.mesadnd.dto.AbilitiesDTOTest)" classname="com.qa.mesadnd.dto.AbilitiesDTOTest" time="0"/>
  <testcase name="dexterityNotEqual on dexterityNotEqual(com.qa.mesadnd.dto.AbilitiesDTOTest)" classname="com.qa.mesadnd.dto.AbilitiesDTOTest" time="0"/>
  <testcase name="nullId on nullId(com.qa.mesadnd.dto.AbilitiesDTOTest)" classname="com.qa.mesadnd.dto.AbilitiesDTOTest" time="0.001"/>
  <testcase name="equalsWithNull on equalsWithNull(com.qa.mesadnd.dto.AbilitiesDTOTest)" classname="com.qa.mesadnd.dto.AbilitiesDTOTest" time="0"/>
  <testcase name="wisdomNotEqual on wisdomNotEqual(com.qa.mesadnd.dto.AbilitiesDTOTest)" classname="com.qa.mesadnd.dto.AbilitiesDTOTest" time="0"/>
  <testcase name="wisdomNullButOtherWisdomNotNull on wisdomNullButOtherWisdomNotNull(com.qa.mesadnd.dto.AbilitiesDTOTest)" classname="com.qa.mesadnd.dto.AbilitiesDTOTest" time="0"/>
  <testcase name="dexterityNullButOtherDexterityNotNull on dexterityNullButOtherDexterityNotNull(com.qa.mesadnd.dto.AbilitiesDTOTest)" classname="com.qa.mesadnd.dto.AbilitiesDTOTest" time="0"/>
  <testcase name="constitutionNullButOtherConstitutionNotNull on constitutionNullButOtherConstitutionNotNull(com.qa.mesadnd.dto.AbilitiesDTOTest)" classname="com.qa.mesadnd.dto.AbilitiesDTOTest" time="0"/>
  <testcase name="abilitiesDTOIDDifferent on abilitiesDTOIDDifferent(com.qa.mesadnd.dto.AbilitiesDTOTest)" classname="com.qa.mesadnd.dto.AbilitiesDTOTest" time="0"/>
  <testcase name="equalsWithDifferentObject on equalsWithDifferentObject(com.qa.mesadnd.dto.AbilitiesDTOTest)" classname="com.qa.mesadnd.dto.AbilitiesDTOTest" time="0"/>
  <testcase name="charismaNotEqual on charismaNotEqual(com.qa.mesadnd.dto.AbilitiesDTOTest)" classname="com.qa.mesadnd.dto.AbilitiesDTOTest" time="0"/>
  <testcase name="settersTest on settersTest(com.qa.mesadnd.dto.AbilitiesDTOTest)" classname="com.qa.mesadnd.dto.AbilitiesDTOTest" time="0"/>
  <testcase name="strengthNotEqual on strengthNotEqual(com.qa.mesadnd.dto.AbilitiesDTOTest)" classname="com.qa.mesadnd.dto.AbilitiesDTOTest" time="0"/>
  <testcase name="strengthNullButOtherStrengthNotNull on strengthNullButOtherStrengthNotNull(com.qa.mesadnd.dto.AbilitiesDTOTest)" classname="com.qa.mesadnd.dto.AbilitiesDTOTest" time="0.001"/>
  <testcase name="intelligenceNullButOtherIntelligenceNotNull on intelligenceNullButOtherIntelligenceNotNull(com.qa.mesadnd.dto.AbilitiesDTOTest)" classname="com.qa.mesadnd.dto.AbilitiesDTOTest" time="0"/>
  <testcase name="intelligenceNotEqual on intelligenceNotEqual(com.qa.mesadnd.dto.AbilitiesDTOTest)" classname="com.qa.mesadnd.dto.AbilitiesDTOTest" time="0"/>
  <testcase name="createAbilitiesDTOWithId on createAbilitiesDTOWithId(com.qa.mesadnd.dto.AbilitiesDTOTest)" classname="com.qa.mesadnd.dto.AbilitiesDTOTest" time="0"/>
  <testcase name="hashCodeTestWithNull on hashCodeTestWithNull(com.qa.mesadnd.dto.AbilitiesDTOTest)" classname="com.qa.mesadnd.dto.AbilitiesDTOTest" time="0"/>
  <testcase name="charismaNullButOtherCharismaNotNull on charismaNullButOtherCharismaNotNull(com.qa.mesadnd.dto.AbilitiesDTOTest)" classname="com.qa.mesadnd.dto.AbilitiesDTOTest" time="0"/>
  <testcase name="constitutionNotEqual on constitutionNotEqual(com.qa.mesadnd.dto.AbilitiesDTOTest)" classname="com.qa.mesadnd.dto.AbilitiesDTOTest" time="0"/>
  <testcase name="otherIdDifferent on otherIdDifferent(com.qa.mesadnd.dto.AbilitiesDTOTest)" classname="com.qa.mesadnd.dto.AbilitiesDTOTest" time="0"/>
  <testcase name="characterDTOIDDifferent on characterDTOIDDifferent(com.qa.mesadnd.dto.CharacterDTOTest)" classname="com.qa.mesadnd.dto.CharacterDTOTest" time="0"/>
  <testcase name="characterDTOCurrentHpNullButOtherCurrentHpNotNull on characterDTOCurrentHpNullButOtherCurrentHpNotNull(com.qa.mesadnd.dto.CharacterDTOTest)" classname="com.qa.mesadnd.dto.CharacterDTOTest" time="0"/>
  <testcase name="constructorWithoutId on constructorWithoutId(com.qa.mesadnd.dto.CharacterDTOTest)" classname="com.qa.mesadnd.dto.CharacterDTOTest" time="0"/>
  <testcase name="checkEqualityBetweenDifferentObjects on checkEqualityBetweenDifferentObjects(com.qa.mesadnd.dto.CharacterDTOTest)" classname="com.qa.mesadnd.dto.CharacterDTOTest" time="0"/>
  <testcase name="checkEquality on checkEquality(com.qa.mesadnd.dto.CharacterDTOTest)" classname="com.qa.mesadnd.dto.CharacterDTOTest" time="0"/>
  <testcase name="nullId on nullId(com.qa.mesadnd.dto.CharacterDTOTest)" classname="com.qa.mesadnd.dto.CharacterDTOTest" time="0.001"/>
  <testcase name="equalsWithNull on equalsWithNull(com.qa.mesadnd.dto.CharacterDTOTest)" classname="com.qa.mesadnd.dto.CharacterDTOTest" time="0"/>
  <testcase name="characterDTONamesNotEqual on characterDTONamesNotEqual(com.qa.mesadnd.dto.CharacterDTOTest)" classname="com.qa.mesadnd.dto.CharacterDTOTest" time="0"/>
  <testcase name="characterDTOMaxHpNotEqual on characterDTOMaxHpNotEqual(com.qa.mesadnd.dto.CharacterDTOTest)" classname="com.qa.mesadnd.dto.CharacterDTOTest" time="0"/>
  <testcase name="characterDTOExpNullButOtherExpNotNull on characterDTOExpNullButOtherExpNotNull(com.qa.mesadnd.dto.CharacterDTOTest)" classname="com.qa.mesadnd.dto.CharacterDTOTest" time="0"/>
  <testcase name="equalsWithDifferentObject on equalsWithDifferentObject(com.qa.mesadnd.dto.CharacterDTOTest)" classname="com.qa.mesadnd.dto.CharacterDTOTest" time="0"/>
  <testcase name="characterDTONameNullButOtherNameNotNull on characterDTONameNullButOtherNameNotNull(com.qa.mesadnd.dto.CharacterDTOTest)" classname="com.qa.mesadnd.dto.CharacterDTOTest" time="0"/>
  <testcase name="settersTest on settersTest(com.qa.mesadnd.dto.CharacterDTOTest)" classname="com.qa.mesadnd.dto.CharacterDTOTest" time="0"/>
  <testcase name="characterDTOExpNotEqual on characterDTOExpNotEqual(com.qa.mesadnd.dto.CharacterDTOTest)" classname="com.qa.mesadnd.dto.CharacterDTOTest" time="0"/>
  <testcase name="characterDTOMaxHpNullButOtherMaxHpNotNull on characterDTOMaxHpNullButOtherMaxHpNotNull(com.qa.mesadnd.dto.CharacterDTOTest)" classname="com.qa.mesadnd.dto.CharacterDTOTest" time="0"/>
  <testcase name="createCharacterDTOWithId on createCharacterDTOWithId(com.qa.mesadnd.dto.CharacterDTOTest)" classname="com.qa.mesadnd.dto.CharacterDTOTest" time="0"/>
  <testcase name="hashCodeTestWithNull on hashCodeTestWithNull(com.qa.mesadnd.dto.CharacterDTOTest)" classname="com.qa.mesadnd.dto.CharacterDTOTest" time="0"/>
  <testcase name="otherIdDifferent on otherIdDifferent(com.qa.mesadnd.dto.CharacterDTOTest)" classname="com.qa.mesadnd.dto.CharacterDTOTest" time="0"/>
  <testcase name="characterDTOCurrentHpNotEqual on characterDTOCurrentHpNotEqual(com.qa.mesadnd.dto.CharacterDTOTest)" classname="com.qa.mesadnd.dto.CharacterDTOTest" time="0"/>
  <testcase name="skillsNamesNotEqual on skillsNamesNotEqual(com.qa.mesadnd.dto.SkillsDTOTest)" classname="com.qa.mesadnd.dto.SkillsDTOTest" time="0"/>
  <testcase name="skillModifierNullButOtherSkillModifierNotNull on skillModifierNullButOtherSkillModifierNotNull(com.qa.mesadnd.dto.SkillsDTOTest)" classname="com.qa.mesadnd.dto.SkillsDTOTest" time="0"/>
  <testcase name="skillModifierNotEqual on skillModifierNotEqual(com.qa.mesadnd.dto.SkillsDTOTest)" classname="com.qa.mesadnd.dto.SkillsDTOTest" time="0"/>
  <testcase name="checkEqualityBetweenDifferentObjects on checkEqualityBetweenDifferentObjects(com.qa.mesadnd.dto.SkillsDTOTest)" classname="com.qa.mesadnd.dto.SkillsDTOTest" time="0"/>
  <testcase name="checkEquality on checkEquality(com.qa.mesadnd.dto.SkillsDTOTest)" classname="com.qa.mesadnd.dto.SkillsDTOTest" time="0"/>
  <testcase name="nullId on nullId(com.qa.mesadnd.dto.SkillsDTOTest)" classname="com.qa.mesadnd.dto.SkillsDTOTest" time="0"/>
  <testcase name="equalsWithNull on equalsWithNull(com.qa.mesadnd.dto.SkillsDTOTest)" classname="com.qa.mesadnd.dto.SkillsDTOTest" time="0"/>
  <testcase name="skillsNameNullButOtherNameNotNull on skillsNameNullButOtherNameNotNull(com.qa.mesadnd.dto.SkillsDTOTest)" classname="com.qa.mesadnd.dto.SkillsDTOTest" time="0"/>
  <testcase name="characterSheetIDDifferent on characterSheetIDDifferent(com.qa.mesadnd.dto.SkillsDTOTest)" classname="com.qa.mesadnd.dto.SkillsDTOTest" time="0"/>
  <testcase name="equalsWithDifferentObject on equalsWithDifferentObject(com.qa.mesadnd.dto.SkillsDTOTest)" classname="com.qa.mesadnd.dto.SkillsDTOTest" time="0"/>
  <testcase name="settersTest on settersTest(com.qa.mesadnd.dto.SkillsDTOTest)" classname="com.qa.mesadnd.dto.SkillsDTOTest" time="0"/>
  <testcase name="createSkillsSheetWithId on createSkillsSheetWithId(com.qa.mesadnd.dto.SkillsDTOTest)" classname="com.qa.mesadnd.dto.SkillsDTOTest" time="0"/>
  <testcase name="hashCodeTestWithNull on hashCodeTestWithNull(com.qa.mesadnd.dto.SkillsDTOTest)" classname="com.qa.mesadnd.dto.SkillsDTOTest" time="0"/>
  <testcase name="otherIdDifferent on otherIdDifferent(com.qa.mesadnd.dto.SkillsDTOTest)" classname="com.qa.mesadnd.dto.SkillsDTOTest" time="0"/>
  <testcase name="shouldAnswerWithTrue on shouldAnswerWithTrue(com.qa.mesadnd.MesaDNDTest)" classname="com.qa.mesadnd.MesaDNDTest" time="3.642"/>
  <testcase name="deleteAbilitiesTest on deleteAbilitiesTest(com.qa.mesadnd.service.AbilitiesServiceIntegrationTest)" classname="com.qa.mesadnd.service.AbilitiesServiceIntegrationTest" time="0.57"/>
  <testcase name="findAbilitiesByIdTest on findAbilitiesByIdTest(com.qa.mesadnd.service.AbilitiesServiceIntegrationTest)" classname="com.qa.mesadnd.service.AbilitiesServiceIntegrationTest" time="0.253"/>
  <testcase name="readAbilitiesTest on readAbilitiesTest(com.qa.mesadnd.service.AbilitiesServiceIntegrationTest)" classname="com.qa.mesadnd.service.AbilitiesServiceIntegrationTest" time="0.296"/>
  <testcase name="createAbilitiesTest on createAbilitiesTest(com.qa.mesadnd.service.AbilitiesServiceIntegrationTest)" classname="com.qa.mesadnd.service.AbilitiesServiceIntegrationTest" time="0.246"/>
  <testcase name="findAbilitiesByIdTest on findAbilitiesByIdTest(com.qa.mesadnd.service.AbilitiesServiceUnitTest)" classname="com.qa.mesadnd.service.AbilitiesServiceUnitTest" time="0.005"/>
  <testcase name="deleteAbilitiesByNonExistingId on deleteAbilitiesByNonExistingId(com.qa.mesadnd.service.AbilitiesServiceUnitTest)" classname="com.qa.mesadnd.service.AbilitiesServiceUnitTest" time="0.002"/>
  <testcase name="createAbilitiesTest on createAbilitiesTest(com.qa.mesadnd.service.AbilitiesServiceUnitTest)" classname="com.qa.mesadnd.service.AbilitiesServiceUnitTest" time="0.002"/>
  <testcase name="getAllAbilitiesTest on getAllAbilitiesTest(com.qa.mesadnd.service.AbilitiesServiceUnitTest)" classname="com.qa.mesadnd.service.AbilitiesServiceUnitTest" time="0.002"/>
  <testcase name="deleteAbilitiesByExistingId on deleteAbilitiesByExistingId(com.qa.mesadnd.service.AbilitiesServiceUnitTest)" classname="com.qa.mesadnd.service.AbilitiesServiceUnitTest" time="0"/>
  <testcase name="readCharacterTest on readCharacterTest(com.qa.mesadnd.service.CharacterServiceIntegrationTest)" classname="com.qa.mesadnd.service.CharacterServiceIntegrationTest" time="0.503"/>
  <testcase name="createCharacterTest on createCharacterTest(com.qa.mesadnd.service.CharacterServiceIntegrationTest)" classname="com.qa.mesadnd.service.CharacterServiceIntegrationTest" time="0.4"/>
  <testcase name="deleteSkillsTest on deleteSkillsTest(com.qa.mesadnd.service.CharacterServiceIntegrationTest)" classname="com.qa.mesadnd.service.CharacterServiceIntegrationTest" time="0.613"/>
  <testcase name="findCharacterByIdTest on findCharacterByIdTest(com.qa.mesadnd.service.CharacterServiceIntegrationTest)" classname="com.qa.mesadnd.service.CharacterServiceIntegrationTest" time="0.453"/>
  <testcase name="deleteCharacterByNonExistingId on deleteCharacterByNonExistingId(com.qa.mesadnd.service.CharacterServiceUnitTest)" classname="com.qa.mesadnd.service.CharacterServiceUnitTest" time="0.002"/>
  <testcase name="deleteCharacterByExistingId on deleteCharacterByExistingId(com.qa.mesadnd.service.CharacterServiceUnitTest)" classname="com.qa.mesadnd.service.CharacterServiceUnitTest" time="0.003"/>
  <testcase name="createCharacterTest on createCharacterTest(com.qa.mesadnd.service.CharacterServiceUnitTest)" classname="com.qa.mesadnd.service.CharacterServiceUnitTest" time="0.003"/>
  <testcase name="findCharacterByIdTest on findCharacterByIdTest(com.qa.mesadnd.service.CharacterServiceUnitTest)" classname="com.qa.mesadnd.service.CharacterServiceUnitTest" time="0.002"/>
  <testcase name="getAllCharacterTest on getAllCharacterTest(com.qa.mesadnd.service.CharacterServiceUnitTest)" classname="com.qa.mesadnd.service.CharacterServiceUnitTest" time="0.002"/>
  <testcase name="readSkillsTest on readSkillsTest(com.qa.mesadnd.service.SkillsServiceIntegrationTest)" classname="com.qa.mesadnd.service.SkillsServiceIntegrationTest" time="0.864"/>
  <testcase name="createSkillsTest on createSkillsTest(com.qa.mesadnd.service.SkillsServiceIntegrationTest)" classname="com.qa.mesadnd.service.SkillsServiceIntegrationTest" time="0.24"/>
  <testcase name="deleteSkillsTest on deleteSkillsTest(com.qa.mesadnd.service.SkillsServiceIntegrationTest)" classname="com.qa.mesadnd.service.SkillsServiceIntegrationTest" time="0.504"/>
  <testcase name="findSkillsByIdTest on findSkillsByIdTest(com.qa.mesadnd.service.SkillsServiceIntegrationTest)" classname="com.qa.mesadnd.service.SkillsServiceIntegrationTest" time="0.246"/>
  <testcase name="deleteSkillsByExistingId on deleteSkillsByExistingId(com.qa.mesadnd.service.SkillsServiceUnitTest)" classname="com.qa.mesadnd.service.SkillsServiceUnitTest" time="0.002"/>
  <testcase name="createSkillsTest on createSkillsTest(com.qa.mesadnd.service.SkillsServiceUnitTest)" classname="com.qa.mesadnd.service.SkillsServiceUnitTest" time="0.003"/>
  <testcase name="deleteSkillsByNonExistingId on deleteSkillsByNonExistingId(com.qa.mesadnd.service.SkillsServiceUnitTest)" classname="com.qa.mesadnd.service.SkillsServiceUnitTest" time="0.002"/>
  <testcase name="getAllSkillsTest on getAllSkillsTest(com.qa.mesadnd.service.SkillsServiceUnitTest)" classname="com.qa.mesadnd.service.SkillsServiceUnitTest" time="0.001"/>
  <testcase name="findSkillsByIdTest on findSkillsByIdTest(com.qa.mesadnd.service.SkillsServiceUnitTest)" classname="com.qa.mesadnd.service.SkillsServiceUnitTest" time="0.002"/>
</testsuite>