<?xml version="1.0" encoding="UTF-8"?>
<testsuite xmlns:xsi="http://www.w3.org/2001/XMLSchema-instance" xsi:noNamespaceSchemaLocation="https://maven.apache.org/surefire/maven-surefire-plugin/xsd/surefire-test-report.xsd" name="com.qa.mesadnd.controller.SkillsControllerIntegrationTest" time="1.893" tests="4" errors="0" skipped="0" failures="0">
  <properties>
[...]
</properties>
  <testcase name="createSkillsTest" classname="com.qa.mesadnd.controller.SkillsControllerIntegrationTest" time="0.828"/>
  <testcase name="getAllSkillsTest" classname="com.qa.mesadnd.controller.SkillsControllerIntegrationTest" time="0.294"/>
  <testcase name="deleteSkillsTest" classname="com.qa.mesadnd.controller.SkillsControllerIntegrationTest" time="0.516"/>
  <testcase name="getSkillsByID" classname="com.qa.mesadnd.controller.SkillsControllerIntegrationTest" time="0.252"/>
</testsuite>