<?xml version="1.0" encoding="UTF-8"?>
<!-- Generated by org.testng.reporters.JUnitXMLReporter -->
<testsuite ignored="0" hostname="DESKTOP-2EF6UIN" failures="0" tests="164" name="Surefire test" time="29.955" errors="0" timestamp="19 May 2020 21:21:27 GMT">
  <testcase classname="com.qa.mesadnd.controller.AbilitiesControllerIntegrationTest" name="deleteAbilitiesTest on deleteAbilitiesTest(com.qa.mesadnd.controller.AbilitiesControllerIntegrationTest)" time="11.487"/>
  <testcase classname="com.qa.mesadnd.controller.AbilitiesControllerIntegrationTest" name="createAbilitiesTest on createAbilitiesTest(com.qa.mesadnd.controller.AbilitiesControllerIntegrationTest)" time="11.809"/>
  <testcase classname="com.qa.mesadnd.controller.AbilitiesControllerIntegrationTest" name="getAllAbilitiesTest on getAllAbilitiesTest(com.qa.mesadnd.controller.AbilitiesControllerIntegrationTest)" time="12.136"/>
  <testcase classname="com.qa.mesadnd.controller.AbilitiesControllerIntegrationTest" name="getAbilitiesByID on getAbilitiesByID(com.qa.mesadnd.controller.AbilitiesControllerIntegrationTest)" time="12.446"/>
  <testcase classname="com.qa.mesadnd.controller.AbilitiesControllerUnitTest" name="getAbilitiesByIDTest on getAbilitiesByIDTest(com.qa.mesadnd.controller.AbilitiesControllerUnitTest)" time="0.185"/>
  <testcase classname="com.qa.mesadnd.controller.AbilitiesControllerUnitTest" name="createAbilitiesTest on createAbilitiesTest(com.qa.mesadnd.controller.AbilitiesControllerUnitTest)" time="0.189"/>
  <testcase classname="com.qa.mesadnd.controller.AbilitiesControllerUnitTest" name="getAllAbilitiesTest on getAllAbilitiesTest(com.qa.mesadnd.controller.AbilitiesControllerUnitTest)" time="0.193"/>
  <testcase classname="com.qa.mesadnd.controller.AbilitiesControllerUnitTest" name="deleteAbilitiesTestFalse on deleteAbilitiesTestFalse(com.qa.mesadnd.controller.AbilitiesControllerUnitTest)" time="0.197"/>
  <testcase classname="com.qa.mesadnd.controller.AbilitiesControllerUnitTest" name="deleteSkillsTestTrue on deleteSkillsTestTrue(com.qa.mesadnd.controller.AbilitiesControllerUnitTest)" time="0.2"/>
  <testcase classname="com.qa.mesadnd.controller.CharacterSheetControllerIntegrationTest" name="deleteCharacterTest on deleteCharacterTest(com.qa.mesadnd.controller.CharacterSheetControllerIntegrationTest)" time="0.706"/>
  <testcase classname="com.qa.mesadnd.controller.CharacterSheetControllerIntegrationTest" name="createCharacterTest on createCharacterTest(com.qa.mesadnd.controller.CharacterSheetControllerIntegrationTest)" time="1.073"/>
  <testcase classname="com.qa.mesadnd.controller.CharacterSheetControllerIntegrationTest" name="getAllCharacterTest on getAllCharacterTest(com.qa.mesadnd.controller.CharacterSheetControllerIntegrationTest)" time="1.528"/>
  <testcase classname="com.qa.mesadnd.controller.CharacterSheetControllerIntegrationTest" name="getCharacterByID on getCharacterByID(com.qa.mesadnd.controller.CharacterSheetControllerIntegrationTest)" time="1.978"/>
  <testcase classname="com.qa.mesadnd.controller.CharacterSheetControllerUnitTest" name="createCharacterTest on createCharacterTest(com.qa.mesadnd.controller.CharacterSheetControllerUnitTest)" time="0.04"/>
  <testcase classname="com.qa.mesadnd.controller.CharacterSheetControllerUnitTest" name="getAllCharacterTest on getAllCharacterTest(com.qa.mesadnd.controller.CharacterSheetControllerUnitTest)" time="0.042"/>
  <testcase classname="com.qa.mesadnd.controller.CharacterSheetControllerUnitTest" name="deleteCharacterTestFalse on deleteCharacterTestFalse(com.qa.mesadnd.controller.CharacterSheetControllerUnitTest)" time="0.044"/>
  <testcase classname="com.qa.mesadnd.controller.CharacterSheetControllerUnitTest" name="getCharacterByIDTest on getCharacterByIDTest(com.qa.mesadnd.controller.CharacterSheetControllerUnitTest)" time="0.046"/>
  <testcase classname="com.qa.mesadnd.controller.SkillsControllerIntegrationTest" name="createSkillsTest on createSkillsTest(com.qa.mesadnd.controller.SkillsControllerIntegrationTest)" time="0.868"/>
  <testcase classname="com.qa.mesadnd.controller.SkillsControllerIntegrationTest" name="getAllSkillsTest on getAllSkillsTest(com.qa.mesadnd.controller.SkillsControllerIntegrationTest)" time="1.181"/>
  <testcase classname="com.qa.mesadnd.controller.SkillsControllerIntegrationTest" name="deleteSkillsTest on deleteSkillsTest(com.qa.mesadnd.controller.SkillsControllerIntegrationTest)" time="1.713"/>
  <testcase classname="com.qa.mesadnd.controller.SkillsControllerIntegrationTest" name="getSkillsByID on getSkillsByID(com.qa.mesadnd.controller.SkillsControllerIntegrationTest)" time="1.978"/>
  <testcase classname="com.qa.mesadnd.controller.SkillsControllerUnitTest" name="deleteSkillsTestFalse on deleteSkillsTestFalse(com.qa.mesadnd.controller.SkillsControllerUnitTest)" time="0.043"/>
  <testcase classname="com.qa.mesadnd.controller.SkillsControllerUnitTest" name="createSkillsTest on createSkillsTest(com.qa.mesadnd.controller.SkillsControllerUnitTest)" time="0.045"/>
  <testcase classname="com.qa.mesadnd.controller.SkillsControllerUnitTest" name="getSkillsByIDTest on getSkillsByIDTest(com.qa.mesadnd.controller.SkillsControllerUnitTest)" time="0.062"/>
  <testcase classname="com.qa.mesadnd.controller.SkillsControllerUnitTest" name="getAllSkillsTest on getAllSkillsTest(com.qa.mesadnd.controller.SkillsControllerUnitTest)" time="0.064"/>
  <testcase classname="com.qa.mesadnd.controller.SkillsControllerUnitTest" name="deleteSkillsTestTrue on deleteSkillsTestTrue(com.qa.mesadnd.controller.SkillsControllerUnitTest)" time="0.066"/>
  <testcase classname="com.qa.mesadnd.domain.AbilitiesTest" name="checkEqualityBetweenDifferentObjects on checkEqualityBetweenDifferentObjects(com.qa.mesadnd.domain.AbilitiesTest)" time="0.001"/>
  <testcase classname="com.qa.mesadnd.domain.AbilitiesTest" name="checkEquality on checkEquality(com.qa.mesadnd.domain.AbilitiesTest)" time="0.001"/>
  <testcase classname="com.qa.mesadnd.domain.AbilitiesTest" name="abilitiesIDDifferent on abilitiesIDDifferent(com.qa.mesadnd.domain.AbilitiesTest)" time="0.001"/>
  <testcase classname="com.qa.mesadnd.domain.AbilitiesTest" name="dexterityNotEqual on dexterityNotEqual(com.qa.mesadnd.domain.AbilitiesTest)" time="0.002"/>
  <testcase classname="com.qa.mesadnd.domain.AbilitiesTest" name="nullId on nullId(com.qa.mesadnd.domain.AbilitiesTest)" time="0.002"/>
  <testcase classname="com.qa.mesadnd.domain.AbilitiesTest" name="equalsWithNull on equalsWithNull(com.qa.mesadnd.domain.AbilitiesTest)" time="0.002"/>
  <testcase classname="com.qa.mesadnd.domain.AbilitiesTest" name="wisdomNotEqual on wisdomNotEqual(com.qa.mesadnd.domain.AbilitiesTest)" time="0.002"/>
  <testcase classname="com.qa.mesadnd.domain.AbilitiesTest" name="wisdomNullButOtherWisdomNotNull on wisdomNullButOtherWisdomNotNull(com.qa.mesadnd.domain.AbilitiesTest)" time="0.002"/>
  <testcase classname="com.qa.mesadnd.domain.AbilitiesTest" name="dexterityNullButOtherDexterityNotNull on dexterityNullButOtherDexterityNotNull(com.qa.mesadnd.domain.AbilitiesTest)" time="0.002"/>
  <testcase classname="com.qa.mesadnd.domain.AbilitiesTest" name="constitutionNullButOtherConstitutionNotNull on constitutionNullButOtherConstitutionNotNull(com.qa.mesadnd.domain.AbilitiesTest)" time="0.001"/>
  <testcase classname="com.qa.mesadnd.domain.AbilitiesTest" name="equalsWithDifferentObject on equalsWithDifferentObject(com.qa.mesadnd.domain.AbilitiesTest)" time="0.002"/>
  <testcase classname="com.qa.mesadnd.domain.AbilitiesTest" name="charismaNotEqual on charismaNotEqual(com.qa.mesadnd.domain.AbilitiesTest)" time="0.002"/>
  <testcase classname="com.qa.mesadnd.domain.AbilitiesTest" name="settersTest on settersTest(com.qa.mesadnd.domain.AbilitiesTest)" time="0.002"/>
  <testcase classname="com.qa.mesadnd.domain.AbilitiesTest" name="strengthNotEqual on strengthNotEqual(com.qa.mesadnd.domain.AbilitiesTest)" time="0.002"/>
  <testcase classname="com.qa.mesadnd.domain.AbilitiesTest" name="strengthNullButOtherStrengthNotNull on strengthNullButOtherStrengthNotNull(com.qa.mesadnd.domain.AbilitiesTest)" time="0.002"/>
  <testcase classname="com.qa.mesadnd.domain.AbilitiesTest" name="intelligenceNullButOtherIntelligenceNotNull on intelligenceNullButOtherIntelligenceNotNull(com.qa.mesadnd.domain.AbilitiesTest)" time="0.003"/>
  <testcase classname="com.qa.mesadnd.domain.AbilitiesTest" name="createSkillsSheetWithId on createSkillsSheetWithId(com.qa.mesadnd.domain.AbilitiesTest)" time="0.003"/>
  <testcase classname="com.qa.mesadnd.domain.AbilitiesTest" name="intelligenceNotEqual on intelligenceNotEqual(com.qa.mesadnd.domain.AbilitiesTest)" time="0.003"/>
  <testcase classname="com.qa.mesadnd.domain.AbilitiesTest" name="hashCodeTestWithNull on hashCodeTestWithNull(com.qa.mesadnd.domain.AbilitiesTest)" time="0.003"/>
  <testcase classname="com.qa.mesadnd.domain.AbilitiesTest" name="charismaNullButOtherCharismaNotNull on charismaNullButOtherCharismaNotNull(com.qa.mesadnd.domain.AbilitiesTest)" time="0.003"/>
  <testcase classname="com.qa.mesadnd.domain.AbilitiesTest" name="constitutionNotEqual on constitutionNotEqual(com.qa.mesadnd.domain.AbilitiesTest)" time="0.003"/>
  <testcase classname="com.qa.mesadnd.domain.AbilitiesTest" name="otherIdDifferent on otherIdDifferent(com.qa.mesadnd.domain.AbilitiesTest)" time="0.003"/>
  <testcase classname="com.qa.mesadnd.domain.CharacterSheetTest" name="constructorWithoutId on constructorWithoutId(com.qa.mesadnd.domain.CharacterSheetTest)" time="0.001"/>
  <testcase classname="com.qa.mesadnd.domain.CharacterSheetTest" name="characterSheetNamesNotEqual on characterSheetNamesNotEqual(com.qa.mesadnd.domain.CharacterSheetTest)" time="0.002"/>
  <testcase classname="com.qa.mesadnd.domain.CharacterSheetTest" name="checkEqualityBetweenDifferentObjects on checkEqualityBetweenDifferentObjects(com.qa.mesadnd.domain.CharacterSheetTest)" time="0.002"/>
  <testcase classname="com.qa.mesadnd.domain.CharacterSheetTest" name="checkEquality on checkEquality(com.qa.mesadnd.domain.CharacterSheetTest)" time="0.002"/>
  <testcase classname="com.qa.mesadnd.domain.CharacterSheetTest" name="characterSheetNameNullButOtherNameNotNull on characterSheetNameNullButOtherNameNotNull(com.qa.mesadnd.domain.CharacterSheetTest)" time="0.002"/>
  <testcase classname="com.qa.mesadnd.domain.CharacterSheetTest" name="characterSheetMaxHpNotEqual on characterSheetMaxHpNotEqual(com.qa.mesadnd.domain.CharacterSheetTest)" time="0.002"/>
  <testcase classname="com.qa.mesadnd.domain.CharacterSheetTest" name="characterSheetExpNotEqual on characterSheetExpNotEqual(com.qa.mesadnd.domain.CharacterSheetTest)" time="0.002"/>
  <testcase classname="com.qa.mesadnd.domain.CharacterSheetTest" name="nullId on nullId(com.qa.mesadnd.domain.CharacterSheetTest)" time="0.003"/>
  <testcase classname="com.qa.mesadnd.domain.CharacterSheetTest" name="equalsWithNull on equalsWithNull(com.qa.mesadnd.domain.CharacterSheetTest)" time="0.003"/>
  <testcase classname="com.qa.mesadnd.domain.CharacterSheetTest" name="characterSheetExpNullButOtherExpNotNull on characterSheetExpNullButOtherExpNotNull(com.qa.mesadnd.domain.CharacterSheetTest)" time="0.003"/>
  <testcase classname="com.qa.mesadnd.domain.CharacterSheetTest" name="characterSheetMaxHpNullButOtherMaxHpNotNull on characterSheetMaxHpNullButOtherMaxHpNotNull(com.qa.mesadnd.domain.CharacterSheetTest)" time="0.002"/>
  <testcase classname="com.qa.mesadnd.domain.CharacterSheetTest" name="characterSheetIDDifferent on characterSheetIDDifferent(com.qa.mesadnd.domain.CharacterSheetTest)" time="0.002"/>
  <testcase classname="com.qa.mesadnd.domain.CharacterSheetTest" name="characterSheetCurrentHpNotEqual on characterSheetCurrentHpNotEqual(com.qa.mesadnd.domain.CharacterSheetTest)" time="0.002"/>
  <testcase classname="com.qa.mesadnd.domain.CharacterSheetTest" name="characterSheetCurrentHpNullButOtherCurrentHpNotNull on characterSheetCurrentHpNullButOtherCurrentHpNotNull(com.qa.mesadnd.domain.CharacterSheetTest)" time="0.002"/>
  <testcase classname="com.qa.mesadnd.domain.CharacterSheetTest" name="equalsWithDifferentObject on equalsWithDifferentObject(com.qa.mesadnd.domain.CharacterSheetTest)" time="0.002"/>
  <testcase classname="com.qa.mesadnd.domain.CharacterSheetTest" name="settersTest on settersTest(com.qa.mesadnd.domain.CharacterSheetTest)" time="0.003"/>
  <testcase classname="com.qa.mesadnd.domain.CharacterSheetTest" name="createCharacterSheetWithId on createCharacterSheetWithId(com.qa.mesadnd.domain.CharacterSheetTest)" time="0.003"/>
  <testcase classname="com.qa.mesadnd.domain.CharacterSheetTest" name="hashCodeTestWithNull on hashCodeTestWithNull(com.qa.mesadnd.domain.CharacterSheetTest)" time="0.003"/>
  <testcase classname="com.qa.mesadnd.domain.CharacterSheetTest" name="otherIdDifferent on otherIdDifferent(com.qa.mesadnd.domain.CharacterSheetTest)" time="0.003"/>
  <testcase classname="com.qa.mesadnd.domain.SkillsUnitTest" name="skillsNamesNotEqual on skillsNamesNotEqual(com.qa.mesadnd.domain.SkillsUnitTest)" time="0.001"/>
  <testcase classname="com.qa.mesadnd.domain.SkillsUnitTest" name="skillModifierNullButOtherSkillModifierNotNull on skillModifierNullButOtherSkillModifierNotNull(com.qa.mesadnd.domain.SkillsUnitTest)" time="0.002"/>
  <testcase classname="com.qa.mesadnd.domain.SkillsUnitTest" name="skillModifierNotEqual on skillModifierNotEqual(com.qa.mesadnd.domain.SkillsUnitTest)" time="0.001"/>
  <testcase classname="com.qa.mesadnd.domain.SkillsUnitTest" name="checkEqualityBetweenDifferentObjects on checkEqualityBetweenDifferentObjects(com.qa.mesadnd.domain.SkillsUnitTest)" time="0.001"/>
  <testcase classname="com.qa.mesadnd.domain.SkillsUnitTest" name="checkEquality on checkEquality(com.qa.mesadnd.domain.SkillsUnitTest)" time="0.001"/>
  <testcase classname="com.qa.mesadnd.domain.SkillsUnitTest" name="nullId on nullId(com.qa.mesadnd.domain.SkillsUnitTest)" time="0.001"/>
  <testcase classname="com.qa.mesadnd.domain.SkillsUnitTest" name="equalsWithNull on equalsWithNull(com.qa.mesadnd.domain.SkillsUnitTest)" time="0.001"/>
  <testcase classname="com.qa.mesadnd.domain.SkillsUnitTest" name="skillsNameNullButOtherNameNotNull on skillsNameNullButOtherNameNotNull(com.qa.mesadnd.domain.SkillsUnitTest)" time="0.001"/>
  <testcase classname="com.qa.mesadnd.domain.SkillsUnitTest" name="characterSheetIDDifferent on characterSheetIDDifferent(com.qa.mesadnd.domain.SkillsUnitTest)" time="0.001"/>
  <testcase classname="com.qa.mesadnd.domain.SkillsUnitTest" name="equalsWithDifferentObject on equalsWithDifferentObject(com.qa.mesadnd.domain.SkillsUnitTest)" time="0.002"/>
  <testcase classname="com.qa.mesadnd.domain.SkillsUnitTest" name="settersTest on settersTest(com.qa.mesadnd.domain.SkillsUnitTest)" time="0.002"/>
  <testcase classname="com.qa.mesadnd.domain.SkillsUnitTest" name="createSkillsSheetWithId on createSkillsSheetWithId(com.qa.mesadnd.domain.SkillsUnitTest)" time="0.002"/>
  <testcase classname="com.qa.mesadnd.domain.SkillsUnitTest" name="hashCodeTestWithNull on hashCodeTestWithNull(com.qa.mesadnd.domain.SkillsUnitTest)" time="0.002"/>
  <testcase classname="com.qa.mesadnd.domain.SkillsUnitTest" name="otherIdDifferent on otherIdDifferent(com.qa.mesadnd.domain.SkillsUnitTest)" time="0.002"/>
  <testcase classname="com.qa.mesadnd.dto.AbilitiesDTOTest" name="checkEqualityBetweenDifferentObjects on checkEqualityBetweenDifferentObjects(com.qa.mesadnd.dto.AbilitiesDTOTest)" time="0.001"/>
  <testcase classname="com.qa.mesadnd.dto.AbilitiesDTOTest" name="checkEquality on checkEquality(com.qa.mesadnd.dto.AbilitiesDTOTest)" time="0.001"/>
  <testcase classname="com.qa.mesadnd.dto.AbilitiesDTOTest" name="dexterityNotEqual on dexterityNotEqual(com.qa.mesadnd.dto.AbilitiesDTOTest)" time="0.001"/>
  <testcase classname="com.qa.mesadnd.dto.AbilitiesDTOTest" name="nullId on nullId(com.qa.mesadnd.dto.AbilitiesDTOTest)" time="0.001"/>
  <testcase classname="com.qa.mesadnd.dto.AbilitiesDTOTest" name="equalsWithNull on equalsWithNull(com.qa.mesadnd.dto.AbilitiesDTOTest)" time="0.002"/>
  <testcase classname="com.qa.mesadnd.dto.AbilitiesDTOTest" name="wisdomNotEqual on wisdomNotEqual(com.qa.mesadnd.dto.AbilitiesDTOTest)" time="0.002"/>
  <testcase classname="com.qa.mesadnd.dto.AbilitiesDTOTest" name="wisdomNullButOtherWisdomNotNull on wisdomNullButOtherWisdomNotNull(com.qa.mesadnd.dto.AbilitiesDTOTest)" time="0.002"/>
  <testcase classname="com.qa.mesadnd.dto.AbilitiesDTOTest" name="dexterityNullButOtherDexterityNotNull on dexterityNullButOtherDexterityNotNull(com.qa.mesadnd.dto.AbilitiesDTOTest)" time="0.002"/>
  <testcase classname="com.qa.mesadnd.dto.AbilitiesDTOTest" name="constitutionNullButOtherConstitutionNotNull on constitutionNullButOtherConstitutionNotNull(com.qa.mesadnd.dto.AbilitiesDTOTest)" time="0.002"/>
  <testcase classname="com.qa.mesadnd.dto.AbilitiesDTOTest" name="abilitiesDTOIDDifferent on abilitiesDTOIDDifferent(com.qa.mesadnd.dto.AbilitiesDTOTest)" time="0.002"/>
  <testcase classname="com.qa.mesadnd.dto.AbilitiesDTOTest" name="equalsWithDifferentObject on equalsWithDifferentObject(com.qa.mesadnd.dto.AbilitiesDTOTest)" time="0.002"/>
  <testcase classname="com.qa.mesadnd.dto.AbilitiesDTOTest" name="charismaNotEqual on charismaNotEqual(com.qa.mesadnd.dto.AbilitiesDTOTest)" time="0.002"/>
  <testcase classname="com.qa.mesadnd.dto.AbilitiesDTOTest" name="settersTest on settersTest(com.qa.mesadnd.dto.AbilitiesDTOTest)" time="0.002"/>
  <testcase classname="com.qa.mesadnd.dto.AbilitiesDTOTest" name="strengthNotEqual on strengthNotEqual(com.qa.mesadnd.dto.AbilitiesDTOTest)" time="0.001"/>
  <testcase classname="com.qa.mesadnd.dto.AbilitiesDTOTest" name="strengthNullButOtherStrengthNotNull on strengthNullButOtherStrengthNotNull(com.qa.mesadnd.dto.AbilitiesDTOTest)" time="0.002"/>
  <testcase classname="com.qa.mesadnd.dto.AbilitiesDTOTest" name="intelligenceNullButOtherIntelligenceNotNull on intelligenceNullButOtherIntelligenceNotNull(com.qa.mesadnd.dto.AbilitiesDTOTest)" time="0.002"/>
  <testcase classname="com.qa.mesadnd.dto.AbilitiesDTOTest" name="intelligenceNotEqual on intelligenceNotEqual(com.qa.mesadnd.dto.AbilitiesDTOTest)" time="0.002"/>
  <testcase classname="com.qa.mesadnd.dto.AbilitiesDTOTest" name="createAbilitiesDTOWithId on createAbilitiesDTOWithId(com.qa.mesadnd.dto.AbilitiesDTOTest)" time="0.002"/>
  <testcase classname="com.qa.mesadnd.dto.AbilitiesDTOTest" name="hashCodeTestWithNull on hashCodeTestWithNull(com.qa.mesadnd.dto.AbilitiesDTOTest)" time="0.002"/>
  <testcase classname="com.qa.mesadnd.dto.AbilitiesDTOTest" name="charismaNullButOtherCharismaNotNull on charismaNullButOtherCharismaNotNull(com.qa.mesadnd.dto.AbilitiesDTOTest)" time="0.003"/>
  <testcase classname="com.qa.mesadnd.dto.AbilitiesDTOTest" name="constitutionNotEqual on constitutionNotEqual(com.qa.mesadnd.dto.AbilitiesDTOTest)" time="0.003"/>
  <testcase classname="com.qa.mesadnd.dto.AbilitiesDTOTest" name="otherIdDifferent on otherIdDifferent(com.qa.mesadnd.dto.AbilitiesDTOTest)" time="0.003"/>
  <testcase classname="com.qa.mesadnd.dto.CharacterDTOTest" name="characterDTOIDDifferent on characterDTOIDDifferent(com.qa.mesadnd.dto.CharacterDTOTest)" time="0.001"/>
  <testcase classname="com.qa.mesadnd.dto.CharacterDTOTest" name="characterDTOCurrentHpNullButOtherCurrentHpNotNull on characterDTOCurrentHpNullButOtherCurrentHpNotNull(com.qa.mesadnd.dto.CharacterDTOTest)" time="0.001"/>
  <testcase classname="com.qa.mesadnd.dto.CharacterDTOTest" name="constructorWithoutId on constructorWithoutId(com.qa.mesadnd.dto.CharacterDTOTest)" time="0.001"/>
  <testcase classname="com.qa.mesadnd.dto.CharacterDTOTest" name="checkEqualityBetweenDifferentObjects on checkEqualityBetweenDifferentObjects(com.qa.mesadnd.dto.CharacterDTOTest)" time="0.001"/>
  <testcase classname="com.qa.mesadnd.dto.CharacterDTOTest" name="checkEquality on checkEquality(com.qa.mesadnd.dto.CharacterDTOTest)" time="0.001"/>
  <testcase classname="com.qa.mesadnd.dto.CharacterDTOTest" name="nullId on nullId(com.qa.mesadnd.dto.CharacterDTOTest)" time="0.001"/>
  <testcase classname="com.qa.mesadnd.dto.CharacterDTOTest" name="equalsWithNull on equalsWithNull(com.qa.mesadnd.dto.CharacterDTOTest)" time="0.002"/>
  <testcase classname="com.qa.mesadnd.dto.CharacterDTOTest" name="characterDTONamesNotEqual on characterDTONamesNotEqual(com.qa.mesadnd.dto.CharacterDTOTest)" time="0.002"/>
  <testcase classname="com.qa.mesadnd.dto.CharacterDTOTest" name="characterDTOMaxHpNotEqual on characterDTOMaxHpNotEqual(com.qa.mesadnd.dto.CharacterDTOTest)" time="0.002"/>
  <testcase classname="com.qa.mesadnd.dto.CharacterDTOTest" name="characterDTOExpNullButOtherExpNotNull on characterDTOExpNullButOtherExpNotNull(com.qa.mesadnd.dto.CharacterDTOTest)" time="0.002"/>
  <testcase classname="com.qa.mesadnd.dto.CharacterDTOTest" name="equalsWithDifferentObject on equalsWithDifferentObject(com.qa.mesadnd.dto.CharacterDTOTest)" time="0.002"/>
  <testcase classname="com.qa.mesadnd.dto.CharacterDTOTest" name="characterDTONameNullButOtherNameNotNull on characterDTONameNullButOtherNameNotNull(com.qa.mesadnd.dto.CharacterDTOTest)" time="0.002"/>
  <testcase classname="com.qa.mesadnd.dto.CharacterDTOTest" name="settersTest on settersTest(com.qa.mesadnd.dto.CharacterDTOTest)" time="0.002"/>
  <testcase classname="com.qa.mesadnd.dto.CharacterDTOTest" name="characterDTOExpNotEqual on characterDTOExpNotEqual(com.qa.mesadnd.dto.CharacterDTOTest)" time="0.002"/>
  <testcase classname="com.qa.mesadnd.dto.CharacterDTOTest" name="characterDTOMaxHpNullButOtherMaxHpNotNull on characterDTOMaxHpNullButOtherMaxHpNotNull(com.qa.mesadnd.dto.CharacterDTOTest)" time="0.002"/>
  <testcase classname="com.qa.mesadnd.dto.CharacterDTOTest" name="createCharacterDTOWithId on createCharacterDTOWithId(com.qa.mesadnd.dto.CharacterDTOTest)" time="0.003"/>
  <testcase classname="com.qa.mesadnd.dto.CharacterDTOTest" name="hashCodeTestWithNull on hashCodeTestWithNull(com.qa.mesadnd.dto.CharacterDTOTest)" time="0.003"/>
  <testcase classname="com.qa.mesadnd.dto.CharacterDTOTest" name="otherIdDifferent on otherIdDifferent(com.qa.mesadnd.dto.CharacterDTOTest)" time="0.003"/>
  <testcase classname="com.qa.mesadnd.dto.CharacterDTOTest" name="characterDTOCurrentHpNotEqual on characterDTOCurrentHpNotEqual(com.qa.mesadnd.dto.CharacterDTOTest)" time="0.004"/>
  <testcase classname="com.qa.mesadnd.dto.SkillsDTOTest" name="skillsNamesNotEqual on skillsNamesNotEqual(com.qa.mesadnd.dto.SkillsDTOTest)" time="0.002"/>
  <testcase classname="com.qa.mesadnd.dto.SkillsDTOTest" name="skillModifierNullButOtherSkillModifierNotNull on skillModifierNullButOtherSkillModifierNotNull(com.qa.mesadnd.dto.SkillsDTOTest)" time="0.002"/>
  <testcase classname="com.qa.mesadnd.dto.SkillsDTOTest" name="skillModifierNotEqual on skillModifierNotEqual(com.qa.mesadnd.dto.SkillsDTOTest)" time="0.001"/>
  <testcase classname="com.qa.mesadnd.dto.SkillsDTOTest" name="checkEqualityBetweenDifferentObjects on checkEqualityBetweenDifferentObjects(com.qa.mesadnd.dto.SkillsDTOTest)" time="0.001"/>
  <testcase classname="com.qa.mesadnd.dto.SkillsDTOTest" name="checkEquality on checkEquality(com.qa.mesadnd.dto.SkillsDTOTest)" time="0.001"/>
  <testcase classname="com.qa.mesadnd.dto.SkillsDTOTest" name="nullId on nullId(com.qa.mesadnd.dto.SkillsDTOTest)" time="0.001"/>
  <testcase classname="com.qa.mesadnd.dto.SkillsDTOTest" name="equalsWithNull on equalsWithNull(com.qa.mesadnd.dto.SkillsDTOTest)" time="0.001"/>
  <testcase classname="com.qa.mesadnd.dto.SkillsDTOTest" name="skillsNameNullButOtherNameNotNull on skillsNameNullButOtherNameNotNull(com.qa.mesadnd.dto.SkillsDTOTest)" time="0.001"/>
  <testcase classname="com.qa.mesadnd.dto.SkillsDTOTest" name="characterSheetIDDifferent on characterSheetIDDifferent(com.qa.mesadnd.dto.SkillsDTOTest)" time="0.001"/>
  <testcase classname="com.qa.mesadnd.dto.SkillsDTOTest" name="equalsWithDifferentObject on equalsWithDifferentObject(com.qa.mesadnd.dto.SkillsDTOTest)" time="0.002"/>
  <testcase classname="com.qa.mesadnd.dto.SkillsDTOTest" name="settersTest on settersTest(com.qa.mesadnd.dto.SkillsDTOTest)" time="0.002"/>
  <testcase classname="com.qa.mesadnd.dto.SkillsDTOTest" name="createSkillsSheetWithId on createSkillsSheetWithId(com.qa.mesadnd.dto.SkillsDTOTest)" time="0.002"/>
  <testcase classname="com.qa.mesadnd.dto.SkillsDTOTest" name="hashCodeTestWithNull on hashCodeTestWithNull(com.qa.mesadnd.dto.SkillsDTOTest)" time="0.002"/>
  <testcase classname="com.qa.mesadnd.dto.SkillsDTOTest" name="otherIdDifferent on otherIdDifferent(com.qa.mesadnd.dto.SkillsDTOTest)" time="0.002"/>
  <testcase classname="com.qa.mesadnd.MesaDNDTest" name="shouldAnswerWithTrue on shouldAnswerWithTrue(com.qa.mesadnd.MesaDNDTest)" time="3.643"/>
  <testcase classname="com.qa.mesadnd.service.AbilitiesServiceIntegrationTest" name="deleteAbilitiesTest on deleteAbilitiesTest(com.qa.mesadnd.service.AbilitiesServiceIntegrationTest)" time="3.988"/>
  <testcase classname="com.qa.mesadnd.service.AbilitiesServiceIntegrationTest" name="findAbilitiesByIdTest on findAbilitiesByIdTest(com.qa.mesadnd.service.AbilitiesServiceIntegrationTest)" time="4.241"/>
  <testcase classname="com.qa.mesadnd.service.AbilitiesServiceIntegrationTest" name="readAbilitiesTest on readAbilitiesTest(com.qa.mesadnd.service.AbilitiesServiceIntegrationTest)" time="4.537"/>
  <testcase classname="com.qa.mesadnd.service.AbilitiesServiceIntegrationTest" name="createAbilitiesTest on createAbilitiesTest(com.qa.mesadnd.service.AbilitiesServiceIntegrationTest)" time="4.784"/>
  <testcase classname="com.qa.mesadnd.service.AbilitiesServiceUnitTest" name="findAbilitiesByIdTest on findAbilitiesByIdTest(com.qa.mesadnd.service.AbilitiesServiceUnitTest)" time="0.149"/>
  <testcase classname="com.qa.mesadnd.service.AbilitiesServiceUnitTest" name="deleteAbilitiesByNonExistingId on deleteAbilitiesByNonExistingId(com.qa.mesadnd.service.AbilitiesServiceUnitTest)" time="0.152"/>
  <testcase classname="com.qa.mesadnd.service.AbilitiesServiceUnitTest" name="createAbilitiesTest on createAbilitiesTest(com.qa.mesadnd.service.AbilitiesServiceUnitTest)" time="0.155"/>
  <testcase classname="com.qa.mesadnd.service.AbilitiesServiceUnitTest" name="getAllAbilitiesTest on getAllAbilitiesTest(com.qa.mesadnd.service.AbilitiesServiceUnitTest)" time="0.157"/>
  <testcase classname="com.qa.mesadnd.service.AbilitiesServiceUnitTest" name="deleteAbilitiesByExistingId on deleteAbilitiesByExistingId(com.qa.mesadnd.service.AbilitiesServiceUnitTest)" time="0.162"/>
  <testcase classname="com.qa.mesadnd.service.CharacterServiceIntegrationTest" name="readCharacterTest on readCharacterTest(com.qa.mesadnd.service.CharacterServiceIntegrationTest)" time="0.507"/>
  <testcase classname="com.qa.mesadnd.service.CharacterServiceIntegrationTest" name="createCharacterTest on createCharacterTest(com.qa.mesadnd.service.CharacterServiceIntegrationTest)" time="0.908"/>
  <testcase classname="com.qa.mesadnd.service.CharacterServiceIntegrationTest" name="deleteSkillsTest on deleteSkillsTest(com.qa.mesadnd.service.CharacterServiceIntegrationTest)" time="1.522"/>
  <testcase classname="com.qa.mesadnd.service.CharacterServiceIntegrationTest" name="findCharacterByIdTest on findCharacterByIdTest(com.qa.mesadnd.service.CharacterServiceIntegrationTest)" time="1.974"/>
  <testcase classname="com.qa.mesadnd.service.CharacterServiceUnitTest" name="deleteCharacterByNonExistingId on deleteCharacterByNonExistingId(com.qa.mesadnd.service.CharacterServiceUnitTest)" time="0.033"/>
  <testcase classname="com.qa.mesadnd.service.CharacterServiceUnitTest" name="deleteCharacterByExistingId on deleteCharacterByExistingId(com.qa.mesadnd.service.CharacterServiceUnitTest)" time="0.035"/>
  <testcase classname="com.qa.mesadnd.service.CharacterServiceUnitTest" name="createCharacterTest on createCharacterTest(com.qa.mesadnd.service.CharacterServiceUnitTest)" time="0.038"/>
  <testcase classname="com.qa.mesadnd.service.CharacterServiceUnitTest" name="findCharacterByIdTest on findCharacterByIdTest(com.qa.mesadnd.service.CharacterServiceUnitTest)" time="0.04"/>
  <testcase classname="com.qa.mesadnd.service.CharacterServiceUnitTest" name="getAllCharacterTest on getAllCharacterTest(com.qa.mesadnd.service.CharacterServiceUnitTest)" time="0.042"/>
  <testcase classname="com.qa.mesadnd.service.SkillsServiceIntegrationTest" name="readSkillsTest on readSkillsTest(com.qa.mesadnd.service.SkillsServiceIntegrationTest)" time="0.869"/>
  <testcase classname="com.qa.mesadnd.service.SkillsServiceIntegrationTest" name="createSkillsTest on createSkillsTest(com.qa.mesadnd.service.SkillsServiceIntegrationTest)" time="1.109"/>
  <testcase classname="com.qa.mesadnd.service.SkillsServiceIntegrationTest" name="deleteSkillsTest on deleteSkillsTest(com.qa.mesadnd.service.SkillsServiceIntegrationTest)" time="1.614"/>
  <testcase classname="com.qa.mesadnd.service.SkillsServiceIntegrationTest" name="findSkillsByIdTest on findSkillsByIdTest(com.qa.mesadnd.service.SkillsServiceIntegrationTest)" time="1.861"/>
  <testcase classname="com.qa.mesadnd.service.SkillsServiceUnitTest" name="deleteSkillsByExistingId on deleteSkillsByExistingId(com.qa.mesadnd.service.SkillsServiceUnitTest)" time="0.031"/>
  <testcase classname="com.qa.mesadnd.service.SkillsServiceUnitTest" name="createSkillsTest on createSkillsTest(com.qa.mesadnd.service.SkillsServiceUnitTest)" time="0.034"/>
  <testcase classname="com.qa.mesadnd.service.SkillsServiceUnitTest" name="deleteSkillsByNonExistingId on deleteSkillsByNonExistingId(com.qa.mesadnd.service.SkillsServiceUnitTest)" time="0.037"/>
  <testcase classname="com.qa.mesadnd.service.SkillsServiceUnitTest" name="getAllSkillsTest on getAllSkillsTest(com.qa.mesadnd.service.SkillsServiceUnitTest)" time="0.039"/>
  <testcase classname="com.qa.mesadnd.service.SkillsServiceUnitTest" name="findSkillsByIdTest on findSkillsByIdTest(com.qa.mesadnd.service.SkillsServiceUnitTest)" time="0.042"/>
</testsuite> <!-- Surefire test -->
